<?xml version="1.0" encoding="UTF-8"?>
<robot generator="Robot 3.1.1 (Python 3.7.4 on darwin)" generated="20220220 04:42:17.847" rpa="false">
<suite id="s1" name="Suites" source="/Users/karthick/Documents/Airwallex-QA-Assessment/suites">
<suite id="s1-s1" name="Aba" source="/Users/karthick/Documents/Airwallex-QA-Assessment/suites/aba.robot">
<test id="s1-s1-t1" name="BSB Account Type Value Should be 6 characters - @US@LOCAL">
<kw name="Load Test Data" library="testData">
<arguments>
<arg>payload_US</arg>
</arguments>
<assign>
<var>${BANK_DETAILS}</var>
</assign>
<msg timestamp="20220220 04:42:18.392" level="INFO">${BANK_DETAILS} = {'account_currency': 'USD', 'account_name': 'Karthick Bakaran', 'account_number': '618544591', 'account_routing_type1': 'aba', 'bank_country_code': 'US', 'bank_name': 'Axis Bank', 'swift_code': 'CHASU...</msg>
<status status="PASS" starttime="20220220 04:42:18.392" endtime="20220220 04:42:18.392"></status>
</kw>
<kw name="Update Bank Details In Json" library="common">
<arguments>
<arg>${BANK_DETAILS}</arg>
</arguments>
<assign>
<var>${PAYLOAD}</var>
</assign>
<kw name="Load JSON From File" library="JSONLibrary">
<doc>Load JSON from file.</doc>
<arguments>
<arg>${EXECDIR}${/}config${/}payload.json</arg>
</arguments>
<assign>
<var>${JSON_FILE}</var>
</assign>
<msg timestamp="20220220 04:42:18.394" level="INFO">${JSON_FILE} = {'beneficiary': {'additional_info': {'personal_email': 'john.walker@gmail.com'}, 'address': {'city': 'Seattle', 'country_code': 'US', 'postcode': '98104', 'state': 'Washington', 'street_address': '412...</msg>
<status status="PASS" starttime="20220220 04:42:18.393" endtime="20220220 04:42:18.394"></status>
</kw>
<kw name="Update Value To Json" library="JSONLibrary">
<doc>Update value to JSON using JSONPath</doc>
<arguments>
<arg>${JSON_FILE}</arg>
<arg>$..bank_details</arg>
<arg>${BANK_DETAILS}</arg>
</arguments>
<assign>
<var>${JSON_VAL}</var>
</assign>
<msg timestamp="20220220 04:42:18.435" level="INFO">${JSON_VAL} = {'beneficiary': {'additional_info': {'personal_email': 'john.walker@gmail.com'}, 'address': {'city': 'Seattle', 'country_code': 'US', 'postcode': '98104', 'state': 'Washington', 'street_address': '412...</msg>
<status status="PASS" starttime="20220220 04:42:18.394" endtime="20220220 04:42:18.435"></status>
</kw>
<msg timestamp="20220220 04:42:18.435" level="INFO">${PAYLOAD} = {'beneficiary': {'additional_info': {'personal_email': 'john.walker@gmail.com'}, 'address': {'city': 'Seattle', 'country_code': 'US', 'postcode': '98104', 'state': 'Washington', 'street_address': '412...</msg>
<status status="PASS" starttime="20220220 04:42:18.392" endtime="20220220 04:42:18.435"></status>
</kw>
<kw name="Create List" library="BuiltIn">
<doc>Returns a list containing given items.</doc>
<arguments>
<arg>${LOCAL}</arg>
</arguments>
<assign>
<var>@{PAY_MET_TYPE}</var>
</assign>
<msg timestamp="20220220 04:42:18.436" level="INFO">@{PAY_MET_TYPE} = [ LOCAL ]</msg>
<status status="PASS" starttime="20220220 04:42:18.436" endtime="20220220 04:42:18.436"></status>
</kw>
<kw name="Update Value To Json" library="JSONLibrary">
<doc>Update value to JSON using JSONPath</doc>
<arguments>
<arg>${PAYLOAD}</arg>
<arg>$..payment_methods</arg>
<arg>${PAY_MET_TYPE}</arg>
</arguments>
<assign>
<var>${PAYLOAD}</var>
</assign>
<msg timestamp="20220220 04:42:18.467" level="INFO">${PAYLOAD} = {'beneficiary': {'additional_info': {'personal_email': 'john.walker@gmail.com'}, 'address': {'city': 'Seattle', 'country_code': 'US', 'postcode': '98104', 'state': 'Washington', 'street_address': '412...</msg>
<status status="PASS" starttime="20220220 04:42:18.436" endtime="20220220 04:42:18.467"></status>
</kw>
<kw name="Create Dictionary" library="BuiltIn">
<doc>Creates and returns a dictionary based on the given ``items``.</doc>
<arguments>
<arg>account_routing_value1=02100</arg>
</arguments>
<assign>
<var>${OBJ_TO_ADD}</var>
</assign>
<msg timestamp="20220220 04:42:18.468" level="INFO">${OBJ_TO_ADD} = {'account_routing_value1': '02100'}</msg>
<status status="PASS" starttime="20220220 04:42:18.468" endtime="20220220 04:42:18.468"></status>
</kw>
<kw name="Add Object To Json" library="JSONLibrary">
<doc>Add an dictionary or list object to json object using json_path</doc>
<arguments>
<arg>${PAYLOAD}</arg>
<arg>$..bank_details</arg>
<arg>${OBJ_TO_ADD}</arg>
</arguments>
<assign>
<var>${PAY_LOAD}</var>
</assign>
<msg timestamp="20220220 04:42:18.506" level="INFO">${PAY_LOAD} = {'beneficiary': {'additional_info': {'personal_email': 'john.walker@gmail.com'}, 'address': {'city': 'Seattle', 'country_code': 'US', 'postcode': '98104', 'state': 'Washington', 'street_address': '412...</msg>
<status status="PASS" starttime="20220220 04:42:18.469" endtime="20220220 04:42:18.506"></status>
</kw>
<kw name="Create a New Beneficiary Request" library="common">
<arguments>
<arg>${PAYLOAD}</arg>
</arguments>
<assign>
<var>${RESP_MSG}</var>
</assign>
<kw name="Create Authorization Token" library="common">
<assign>
<var>${GET_AUTH_TOKEN}</var>
</assign>
<kw name="Create Session" library="RequestsLibrary">
<doc>Create Session: create a HTTP session to a server</doc>
<arguments>
<arg>httpbin</arg>
<arg>${URL}</arg>
<arg>verify=True</arg>
</arguments>
<msg timestamp="20220220 04:42:18.507" level="INFO">Creating Session using : alias=httpbin, url=https://api-demo.airwallex.com, headers={},                     cookies=None, auth=None, timeout=None, proxies=None, verify=True,                     debug=0 </msg>
<status status="PASS" starttime="20220220 04:42:18.507" endtime="20220220 04:42:18.507"></status>
</kw>
<kw name="Create Dictionary" library="BuiltIn">
<doc>Creates and returns a dictionary based on the given ``items``.</doc>
<arguments>
<arg>Content-Type</arg>
<arg>application/json</arg>
<arg>x-client-id</arg>
<arg>KJbr_Xs5TLmhY03JWSi3NQ</arg>
<arg>x-api-key</arg>
<arg>2308e2dd300f6b959b7f4e0a52ba9181186fc92f075f7e64ee9fa0b6b1ada094c39c9a9f39f06693d06b17067f78d4e7</arg>
</arguments>
<assign>
<var>${headers}</var>
</assign>
<msg timestamp="20220220 04:42:18.508" level="INFO">${headers} = {'Content-Type': 'application/json', 'x-client-id': 'KJbr_Xs5TLmhY03JWSi3NQ', 'x-api-key': '2308e2dd300f6b959b7f4e0a52ba9181186fc92f075f7e64ee9fa0b6b1ada094c39c9a9f39f06693d06b17067f78d4e7'}</msg>
<status status="PASS" starttime="20220220 04:42:18.507" endtime="20220220 04:42:18.508"></status>
</kw>
<kw name="Post Request" library="RequestsLibrary">
<doc>Send a POST request on the session object found using the
given `alias`</doc>
<arguments>
<arg>httpbin</arg>
<arg>api/v1/authentication/login</arg>
<arg>headers=${headers}</arg>
<arg>data={}</arg>
</arguments>
<assign>
<var>${resp}</var>
</assign>
<msg timestamp="20220220 04:42:18.840" level="INFO">Post Request using : alias=httpbin, uri=api/v1/authentication/login, data={}, headers={'Content-Type': 'application/json', 'x-client-id': 'KJbr_Xs5TLmhY03JWSi3NQ', 'x-api-key': '2308e2dd300f6b959b7f4e0a52ba9181186fc92f075f7e64ee9fa0b6b1ada094c39c9a9f39f06693d06b17067f78d4e7'}, files=None, allow_redirects=True </msg>
<msg timestamp="20220220 04:42:18.840" level="INFO">${resp} = &lt;Response [201]&gt;</msg>
<status status="PASS" starttime="20220220 04:42:18.508" endtime="20220220 04:42:18.840"></status>
</kw>
<kw name="Should Be Equal As Strings" library="BuiltIn">
<doc>Fails if objects are unequal after converting them to strings.</doc>
<arguments>
<arg>${resp.status_code}</arg>
<arg>${SUCCESS_RESPONSE_CODE}</arg>
</arguments>
<msg timestamp="20220220 04:42:18.841" level="INFO">Argument types are:
&lt;class 'int'&gt;
&lt;type 'unicode'&gt;</msg>
<status status="PASS" starttime="20220220 04:42:18.840" endtime="20220220 04:42:18.841"></status>
</kw>
<msg timestamp="20220220 04:42:18.842" level="INFO">${GET_AUTH_TOKEN} = eyJhbGciOiJIUzI1NiJ9.eyJqdGkiOiIyYjhlNDc0OS1lYjU0LTQ4MjAtYTQ4ZC1kMjM3ZjA1NjBkNDMiLCJzdWIiOiIyODk2ZWJmZC03YjM5LTRjYjktYTE2My00ZGM5NTkyOGI3MzUiLCJpYXQiOjE2NDUzMDMzMzgsImV4cCI6MTY0NTMxNTMzOCwiYWNjb3VudF9...</msg>
<status status="PASS" starttime="20220220 04:42:18.506" endtime="20220220 04:42:18.842"></status>
</kw>
<kw name="Create Session" library="RequestsLibrary">
<doc>Create Session: create a HTTP session to a server</doc>
<arguments>
<arg>httpbin</arg>
<arg>${URL}</arg>
<arg>verify=True</arg>
</arguments>
<msg timestamp="20220220 04:42:18.842" level="INFO">Creating Session using : alias=httpbin, url=https://api-demo.airwallex.com, headers={},                     cookies=None, auth=None, timeout=None, proxies=None, verify=True,                     debug=0 </msg>
<status status="PASS" starttime="20220220 04:42:18.842" endtime="20220220 04:42:18.843"></status>
</kw>
<kw name="Create Dictionary" library="BuiltIn">
<doc>Creates and returns a dictionary based on the given ``items``.</doc>
<arguments>
<arg>Authorization</arg>
<arg>Bearer ${GET_AUTH_TOKEN}</arg>
<arg>Content-Type</arg>
<arg>application/json</arg>
</arguments>
<assign>
<var>${HEADERS}</var>
</assign>
<msg timestamp="20220220 04:42:18.843" level="INFO">${HEADERS} = {'Authorization': 'Bearer eyJhbGciOiJIUzI1NiJ9.eyJqdGkiOiIyYjhlNDc0OS1lYjU0LTQ4MjAtYTQ4ZC1kMjM3ZjA1NjBkNDMiLCJzdWIiOiIyODk2ZWJmZC03YjM5LTRjYjktYTE2My00ZGM5NTkyOGI3MzUiLCJpYXQiOjE2NDUzMDMzMzgsImV4cCI6M...</msg>
<status status="PASS" starttime="20220220 04:42:18.843" endtime="20220220 04:42:18.843"></status>
</kw>
<kw name="Post Request" library="RequestsLibrary">
<doc>Send a POST request on the session object found using the
given `alias`</doc>
<arguments>
<arg>httpbin</arg>
<arg>api/v1/beneficiaries/create</arg>
<arg>headers=${HEADERS}</arg>
<arg>data=${PAYLOAD}</arg>
</arguments>
<assign>
<var>${resp}</var>
</assign>
<msg timestamp="20220220 04:42:18.992" level="INFO">Post Request using : alias=httpbin, uri=api/v1/beneficiaries/create, data={"beneficiary": {"additional_info": {"personal_email": "john.walker@gmail.com"}, "address": {"city": "Seattle", "country_code": "US", "postcode": "98104", "state": "Washington", "street_address": "412 5th Avenue"}, "bank_details": {"account_currency": "USD", "account_name": "Karthick Bakaran", "account_number": "618544591", "account_routing_type1": "aba", "bank_country_code": "US", "bank_name": "Axis Bank", "swift_code": "CHASUS33", "account_routing_value1": "02100"}, "company_name": "ABC University", "entity_type": "COMPANY"}, "nickname": "ABC University", "payer_entity_type": "PERSONAL", "payment_methods": ["LOCAL"]}, headers={'Authorization': 'Bearer eyJhbGciOiJIUzI1NiJ9.eyJqdGkiOiIyYjhlNDc0OS1lYjU0LTQ4MjAtYTQ4ZC1kMjM3ZjA1NjBkNDMiLCJzdWIiOiIyODk2ZWJmZC03YjM5LTRjYjktYTE2My00ZGM5NTkyOGI3MzUiLCJpYXQiOjE2NDUzMDMzMzgsImV4cCI6MTY0NTMxNTMzOCwiYWNjb3VudF9pZCI6IjIyNTQ4MzkyLTM4Y2MtNDFiNy04YjFiLWM1YWNjZDAzNzJhOCIsImRhdGFfY2VudGVyX3JlZ2lvbiI6IkhLIiwidHlwZSI6ImNsaWVudCIsImRjIjoiSEsiLCJpc3NkYyI6IlVTIn0.vN0hX_DX6dRl3kPKzBiLKvVWuO5eIqGA7N-l41G9Uhg', 'Content-Type': 'application/json'}, files=None, allow_redirects=True </msg>
<msg timestamp="20220220 04:42:18.992" level="INFO">${resp} = &lt;Response [400]&gt;</msg>
<status status="PASS" starttime="20220220 04:42:18.843" endtime="20220220 04:42:18.992"></status>
</kw>
<kw name="Create List" library="BuiltIn">
<doc>Returns a list containing given items.</doc>
<arguments>
<arg>${resp.status_code}</arg>
<arg>${resp.json()}</arg>
</arguments>
<assign>
<var>@{RESP_LIST}</var>
</assign>
<msg timestamp="20220220 04:42:18.993" level="INFO">@{RESP_LIST} = [ 400 | {'code': 'payment_schema_validation_failed', 'message': 'Should be 9 characters long', 'source': 'beneficiary.bank_details.account_routing_value1'} ]</msg>
<status status="PASS" starttime="20220220 04:42:18.992" endtime="20220220 04:42:18.993"></status>
</kw>
<msg timestamp="20220220 04:42:18.993" level="INFO">${RESP_MSG} = [400, {'code': 'payment_schema_validation_failed', 'message': 'Should be 9 characters long', 'source': 'beneficiary.bank_details.account_routing_value1'}]</msg>
<status status="PASS" starttime="20220220 04:42:18.506" endtime="20220220 04:42:18.993"></status>
</kw>
<kw name="Assert Response Failed" library="common">
<arguments>
<arg>${RESP_MSG}</arg>
<arg>${FAILED_ABA_LENGTH_INVALID}</arg>
</arguments>
<kw name="Should Be Equal As Strings" library="BuiltIn">
<doc>Fails if objects are unequal after converting them to strings.</doc>
<arguments>
<arg>${ACTUAL_MSG}[0]</arg>
<arg>${400}</arg>
</arguments>
<status status="PASS" starttime="20220220 04:42:18.994" endtime="20220220 04:42:18.994"></status>
</kw>
<kw name="Should Be Equal As Strings" library="BuiltIn">
<doc>Fails if objects are unequal after converting them to strings.</doc>
<arguments>
<arg>${ACTUAL_MSG}[1][message]</arg>
<arg>${EXPECT_MSG}</arg>
</arguments>
<status status="PASS" starttime="20220220 04:42:18.994" endtime="20220220 04:42:18.995"></status>
</kw>
<status status="PASS" starttime="20220220 04:42:18.993" endtime="20220220 04:42:18.995"></status>
</kw>
<tags>
<tag>negative_cases</tag>
<tag>smoke</tag>
</tags>
<status status="PASS" starttime="20220220 04:42:18.391" endtime="20220220 04:42:18.995" critical="yes"></status>
</test>
<status status="PASS" starttime="20220220 04:42:17.877" endtime="20220220 04:42:18.997"></status>
</suite>
<suite id="s1-s2" name="Account Name" source="/Users/karthick/Documents/Airwallex-QA-Assessment/suites/Account_Name.robot">
<test id="s1-s2-t1" name="Account name should not be any 1 characters - @US@SWIFT">
<kw name="Load Test Data" library="testData">
<arguments>
<arg>payload_US</arg>
<arg>account_name=a</arg>
</arguments>
<assign>
<var>${BANK_DETAILS}</var>
</assign>
<msg timestamp="20220220 04:42:19.012" level="INFO">${BANK_DETAILS} = {'account_currency': 'USD', 'account_name': 'a', 'account_number': '04', 'account_routing_type1': 'aba', 'bank_country_code': 'US', 'bank_name': 'Axis Bank', 'swift_code': 'CHASUS33'}</msg>
<status status="PASS" starttime="20220220 04:42:19.011" endtime="20220220 04:42:19.012"></status>
</kw>
<kw name="Update Bank Details In Json" library="common">
<arguments>
<arg>${BANK_DETAILS}</arg>
</arguments>
<assign>
<var>${PAYLOAD}</var>
</assign>
<kw name="Load JSON From File" library="JSONLibrary">
<doc>Load JSON from file.</doc>
<arguments>
<arg>${EXECDIR}${/}config${/}payload.json</arg>
</arguments>
<assign>
<var>${JSON_FILE}</var>
</assign>
<msg timestamp="20220220 04:42:19.013" level="INFO">${JSON_FILE} = {'beneficiary': {'additional_info': {'personal_email': 'john.walker@gmail.com'}, 'address': {'city': 'Seattle', 'country_code': 'US', 'postcode': '98104', 'state': 'Washington', 'street_address': '412...</msg>
<status status="PASS" starttime="20220220 04:42:19.013" endtime="20220220 04:42:19.014"></status>
</kw>
<kw name="Update Value To Json" library="JSONLibrary">
<doc>Update value to JSON using JSONPath</doc>
<arguments>
<arg>${JSON_FILE}</arg>
<arg>$..bank_details</arg>
<arg>${BANK_DETAILS}</arg>
</arguments>
<assign>
<var>${JSON_VAL}</var>
</assign>
<msg timestamp="20220220 04:42:19.054" level="INFO">${JSON_VAL} = {'beneficiary': {'additional_info': {'personal_email': 'john.walker@gmail.com'}, 'address': {'city': 'Seattle', 'country_code': 'US', 'postcode': '98104', 'state': 'Washington', 'street_address': '412...</msg>
<status status="PASS" starttime="20220220 04:42:19.014" endtime="20220220 04:42:19.054"></status>
</kw>
<msg timestamp="20220220 04:42:19.055" level="INFO">${PAYLOAD} = {'beneficiary': {'additional_info': {'personal_email': 'john.walker@gmail.com'}, 'address': {'city': 'Seattle', 'country_code': 'US', 'postcode': '98104', 'state': 'Washington', 'street_address': '412...</msg>
<status status="PASS" starttime="20220220 04:42:19.012" endtime="20220220 04:42:19.055"></status>
</kw>
<kw name="Create a New Beneficiary Request" library="common">
<arguments>
<arg>${PAYLOAD}</arg>
</arguments>
<assign>
<var>${RESP_MSG}</var>
</assign>
<kw name="Create Authorization Token" library="common">
<assign>
<var>${GET_AUTH_TOKEN}</var>
</assign>
<kw name="Create Session" library="RequestsLibrary">
<doc>Create Session: create a HTTP session to a server</doc>
<arguments>
<arg>httpbin</arg>
<arg>${URL}</arg>
<arg>verify=True</arg>
</arguments>
<msg timestamp="20220220 04:42:19.056" level="INFO">Creating Session using : alias=httpbin, url=https://api-demo.airwallex.com, headers={},                     cookies=None, auth=None, timeout=None, proxies=None, verify=True,                     debug=0 </msg>
<status status="PASS" starttime="20220220 04:42:19.056" endtime="20220220 04:42:19.056"></status>
</kw>
<kw name="Create Dictionary" library="BuiltIn">
<doc>Creates and returns a dictionary based on the given ``items``.</doc>
<arguments>
<arg>Content-Type</arg>
<arg>application/json</arg>
<arg>x-client-id</arg>
<arg>KJbr_Xs5TLmhY03JWSi3NQ</arg>
<arg>x-api-key</arg>
<arg>2308e2dd300f6b959b7f4e0a52ba9181186fc92f075f7e64ee9fa0b6b1ada094c39c9a9f39f06693d06b17067f78d4e7</arg>
</arguments>
<assign>
<var>${headers}</var>
</assign>
<msg timestamp="20220220 04:42:19.057" level="INFO">${headers} = {'Content-Type': 'application/json', 'x-client-id': 'KJbr_Xs5TLmhY03JWSi3NQ', 'x-api-key': '2308e2dd300f6b959b7f4e0a52ba9181186fc92f075f7e64ee9fa0b6b1ada094c39c9a9f39f06693d06b17067f78d4e7'}</msg>
<status status="PASS" starttime="20220220 04:42:19.057" endtime="20220220 04:42:19.057"></status>
</kw>
<kw name="Post Request" library="RequestsLibrary">
<doc>Send a POST request on the session object found using the
given `alias`</doc>
<arguments>
<arg>httpbin</arg>
<arg>api/v1/authentication/login</arg>
<arg>headers=${headers}</arg>
<arg>data={}</arg>
</arguments>
<assign>
<var>${resp}</var>
</assign>
<msg timestamp="20220220 04:42:19.352" level="INFO">Post Request using : alias=httpbin, uri=api/v1/authentication/login, data={}, headers={'Content-Type': 'application/json', 'x-client-id': 'KJbr_Xs5TLmhY03JWSi3NQ', 'x-api-key': '2308e2dd300f6b959b7f4e0a52ba9181186fc92f075f7e64ee9fa0b6b1ada094c39c9a9f39f06693d06b17067f78d4e7'}, files=None, allow_redirects=True </msg>
<msg timestamp="20220220 04:42:19.352" level="INFO">${resp} = &lt;Response [201]&gt;</msg>
<status status="PASS" starttime="20220220 04:42:19.058" endtime="20220220 04:42:19.352"></status>
</kw>
<kw name="Should Be Equal As Strings" library="BuiltIn">
<doc>Fails if objects are unequal after converting them to strings.</doc>
<arguments>
<arg>${resp.status_code}</arg>
<arg>${SUCCESS_RESPONSE_CODE}</arg>
</arguments>
<msg timestamp="20220220 04:42:19.353" level="INFO">Argument types are:
&lt;class 'int'&gt;
&lt;type 'unicode'&gt;</msg>
<status status="PASS" starttime="20220220 04:42:19.352" endtime="20220220 04:42:19.353"></status>
</kw>
<msg timestamp="20220220 04:42:19.353" level="INFO">${GET_AUTH_TOKEN} = eyJhbGciOiJIUzI1NiJ9.eyJqdGkiOiI5ZDkyODc0MC01NjMzLTRiYmMtYWNlMi1hOTE5NDBhNTdjZmEiLCJzdWIiOiIyODk2ZWJmZC03YjM5LTRjYjktYTE2My00ZGM5NTkyOGI3MzUiLCJpYXQiOjE2NDUzMDMzMzgsImV4cCI6MTY0NTMxNTMzOCwiYWNjb3VudF9...</msg>
<status status="PASS" starttime="20220220 04:42:19.056" endtime="20220220 04:42:19.353"></status>
</kw>
<kw name="Create Session" library="RequestsLibrary">
<doc>Create Session: create a HTTP session to a server</doc>
<arguments>
<arg>httpbin</arg>
<arg>${URL}</arg>
<arg>verify=True</arg>
</arguments>
<msg timestamp="20220220 04:42:19.354" level="INFO">Creating Session using : alias=httpbin, url=https://api-demo.airwallex.com, headers={},                     cookies=None, auth=None, timeout=None, proxies=None, verify=True,                     debug=0 </msg>
<status status="PASS" starttime="20220220 04:42:19.353" endtime="20220220 04:42:19.354"></status>
</kw>
<kw name="Create Dictionary" library="BuiltIn">
<doc>Creates and returns a dictionary based on the given ``items``.</doc>
<arguments>
<arg>Authorization</arg>
<arg>Bearer ${GET_AUTH_TOKEN}</arg>
<arg>Content-Type</arg>
<arg>application/json</arg>
</arguments>
<assign>
<var>${HEADERS}</var>
</assign>
<msg timestamp="20220220 04:42:19.355" level="INFO">${HEADERS} = {'Authorization': 'Bearer eyJhbGciOiJIUzI1NiJ9.eyJqdGkiOiI5ZDkyODc0MC01NjMzLTRiYmMtYWNlMi1hOTE5NDBhNTdjZmEiLCJzdWIiOiIyODk2ZWJmZC03YjM5LTRjYjktYTE2My00ZGM5NTkyOGI3MzUiLCJpYXQiOjE2NDUzMDMzMzgsImV4cCI6M...</msg>
<status status="PASS" starttime="20220220 04:42:19.354" endtime="20220220 04:42:19.355"></status>
</kw>
<kw name="Post Request" library="RequestsLibrary">
<doc>Send a POST request on the session object found using the
given `alias`</doc>
<arguments>
<arg>httpbin</arg>
<arg>api/v1/beneficiaries/create</arg>
<arg>headers=${HEADERS}</arg>
<arg>data=${PAYLOAD}</arg>
</arguments>
<assign>
<var>${resp}</var>
</assign>
<msg timestamp="20220220 04:42:19.505" level="INFO">Post Request using : alias=httpbin, uri=api/v1/beneficiaries/create, data={"beneficiary": {"additional_info": {"personal_email": "john.walker@gmail.com"}, "address": {"city": "Seattle", "country_code": "US", "postcode": "98104", "state": "Washington", "street_address": "412 5th Avenue"}, "bank_details": {"account_currency": "USD", "account_name": "a", "account_number": "04", "account_routing_type1": "aba", "bank_country_code": "US", "bank_name": "Axis Bank", "swift_code": "CHASUS33"}, "company_name": "ABC University", "entity_type": "COMPANY"}, "nickname": "ABC University", "payer_entity_type": "PERSONAL", "payment_methods": ["SWIFT"]}, headers={'Authorization': 'Bearer eyJhbGciOiJIUzI1NiJ9.eyJqdGkiOiI5ZDkyODc0MC01NjMzLTRiYmMtYWNlMi1hOTE5NDBhNTdjZmEiLCJzdWIiOiIyODk2ZWJmZC03YjM5LTRjYjktYTE2My00ZGM5NTkyOGI3MzUiLCJpYXQiOjE2NDUzMDMzMzgsImV4cCI6MTY0NTMxNTMzOCwiYWNjb3VudF9pZCI6IjIyNTQ4MzkyLTM4Y2MtNDFiNy04YjFiLWM1YWNjZDAzNzJhOCIsImRhdGFfY2VudGVyX3JlZ2lvbiI6IkhLIiwidHlwZSI6ImNsaWVudCIsImRjIjoiSEsiLCJpc3NkYyI6IlVTIn0.ngnywUxeEab7Tk7GdZsg0_SBh1Rps7ti9InUGbVcxr4', 'Content-Type': 'application/json'}, files=None, allow_redirects=True </msg>
<msg timestamp="20220220 04:42:19.505" level="INFO">${resp} = &lt;Response [400]&gt;</msg>
<status status="PASS" starttime="20220220 04:42:19.355" endtime="20220220 04:42:19.505"></status>
</kw>
<kw name="Create List" library="BuiltIn">
<doc>Returns a list containing given items.</doc>
<arguments>
<arg>${resp.status_code}</arg>
<arg>${resp.json()}</arg>
</arguments>
<assign>
<var>@{RESP_LIST}</var>
</assign>
<msg timestamp="20220220 04:42:19.506" level="INFO">@{RESP_LIST} = [ 400 | {'code': 'payment_schema_validation_failed', 'message': 'Should contain 2 to 200 characters', 'source': 'beneficiary.bank_details.account_name'} ]</msg>
<status status="PASS" starttime="20220220 04:42:19.505" endtime="20220220 04:42:19.506"></status>
</kw>
<msg timestamp="20220220 04:42:19.506" level="INFO">${RESP_MSG} = [400, {'code': 'payment_schema_validation_failed', 'message': 'Should contain 2 to 200 characters', 'source': 'beneficiary.bank_details.account_name'}]</msg>
<status status="PASS" starttime="20220220 04:42:19.055" endtime="20220220 04:42:19.506"></status>
</kw>
<kw name="Assert Response Failed" library="common">
<arguments>
<arg>${RESP_MSG}</arg>
<arg>${FAILED_LENGTH_ACCOUNT_NAME_NOT_VALID}</arg>
</arguments>
<kw name="Should Be Equal As Strings" library="BuiltIn">
<doc>Fails if objects are unequal after converting them to strings.</doc>
<arguments>
<arg>${ACTUAL_MSG}[0]</arg>
<arg>${400}</arg>
</arguments>
<status status="PASS" starttime="20220220 04:42:19.507" endtime="20220220 04:42:19.508"></status>
</kw>
<kw name="Should Be Equal As Strings" library="BuiltIn">
<doc>Fails if objects are unequal after converting them to strings.</doc>
<arguments>
<arg>${ACTUAL_MSG}[1][message]</arg>
<arg>${EXPECT_MSG}</arg>
</arguments>
<status status="PASS" starttime="20220220 04:42:19.508" endtime="20220220 04:42:19.508"></status>
</kw>
<status status="PASS" starttime="20220220 04:42:19.506" endtime="20220220 04:42:19.508"></status>
</kw>
<tags>
<tag>negative_cases</tag>
<tag>smoke</tag>
</tags>
<status status="PASS" starttime="20220220 04:42:19.009" endtime="20220220 04:42:19.509" critical="yes"></status>
</test>
<test id="s1-s2-t2" name="Account name should not be empty@AU@SWIFT">
<kw name="Load Test Data" library="testData">
<arguments>
<arg>payload_US</arg>
<arg>account_name=</arg>
</arguments>
<assign>
<var>${BANK_DETAILS}</var>
</assign>
<msg timestamp="20220220 04:42:19.510" level="INFO">${BANK_DETAILS} = {'account_currency': 'USD', 'account_name': '', 'account_number': '9898984', 'account_routing_type1': 'aba', 'bank_country_code': 'US', 'bank_name': 'Axis Bank', 'swift_code': 'CHASUS33'}</msg>
<status status="PASS" starttime="20220220 04:42:19.510" endtime="20220220 04:42:19.510"></status>
</kw>
<kw name="Update Bank Details In Json" library="common">
<arguments>
<arg>${BANK_DETAILS}</arg>
</arguments>
<assign>
<var>${PAYLOAD}</var>
</assign>
<kw name="Load JSON From File" library="JSONLibrary">
<doc>Load JSON from file.</doc>
<arguments>
<arg>${EXECDIR}${/}config${/}payload.json</arg>
</arguments>
<assign>
<var>${JSON_FILE}</var>
</assign>
<msg timestamp="20220220 04:42:19.512" level="INFO">${JSON_FILE} = {'beneficiary': {'additional_info': {'personal_email': 'john.walker@gmail.com'}, 'address': {'city': 'Seattle', 'country_code': 'US', 'postcode': '98104', 'state': 'Washington', 'street_address': '412...</msg>
<status status="PASS" starttime="20220220 04:42:19.511" endtime="20220220 04:42:19.512"></status>
</kw>
<kw name="Update Value To Json" library="JSONLibrary">
<doc>Update value to JSON using JSONPath</doc>
<arguments>
<arg>${JSON_FILE}</arg>
<arg>$..bank_details</arg>
<arg>${BANK_DETAILS}</arg>
</arguments>
<assign>
<var>${JSON_VAL}</var>
</assign>
<msg timestamp="20220220 04:42:19.546" level="INFO">${JSON_VAL} = {'beneficiary': {'additional_info': {'personal_email': 'john.walker@gmail.com'}, 'address': {'city': 'Seattle', 'country_code': 'US', 'postcode': '98104', 'state': 'Washington', 'street_address': '412...</msg>
<status status="PASS" starttime="20220220 04:42:19.513" endtime="20220220 04:42:19.547"></status>
</kw>
<msg timestamp="20220220 04:42:19.548" level="INFO">${PAYLOAD} = {'beneficiary': {'additional_info': {'personal_email': 'john.walker@gmail.com'}, 'address': {'city': 'Seattle', 'country_code': 'US', 'postcode': '98104', 'state': 'Washington', 'street_address': '412...</msg>
<status status="PASS" starttime="20220220 04:42:19.511" endtime="20220220 04:42:19.549"></status>
</kw>
<kw name="Create a New Beneficiary Request" library="common">
<arguments>
<arg>${PAYLOAD}</arg>
</arguments>
<assign>
<var>${RESP_MSG}</var>
</assign>
<kw name="Create Authorization Token" library="common">
<assign>
<var>${GET_AUTH_TOKEN}</var>
</assign>
<kw name="Create Session" library="RequestsLibrary">
<doc>Create Session: create a HTTP session to a server</doc>
<arguments>
<arg>httpbin</arg>
<arg>${URL}</arg>
<arg>verify=True</arg>
</arguments>
<msg timestamp="20220220 04:42:19.553" level="INFO">Creating Session using : alias=httpbin, url=https://api-demo.airwallex.com, headers={},                     cookies=None, auth=None, timeout=None, proxies=None, verify=True,                     debug=0 </msg>
<status status="PASS" starttime="20220220 04:42:19.552" endtime="20220220 04:42:19.555"></status>
</kw>
<kw name="Create Dictionary" library="BuiltIn">
<doc>Creates and returns a dictionary based on the given ``items``.</doc>
<arguments>
<arg>Content-Type</arg>
<arg>application/json</arg>
<arg>x-client-id</arg>
<arg>KJbr_Xs5TLmhY03JWSi3NQ</arg>
<arg>x-api-key</arg>
<arg>2308e2dd300f6b959b7f4e0a52ba9181186fc92f075f7e64ee9fa0b6b1ada094c39c9a9f39f06693d06b17067f78d4e7</arg>
</arguments>
<assign>
<var>${headers}</var>
</assign>
<msg timestamp="20220220 04:42:19.556" level="INFO">${headers} = {'Content-Type': 'application/json', 'x-client-id': 'KJbr_Xs5TLmhY03JWSi3NQ', 'x-api-key': '2308e2dd300f6b959b7f4e0a52ba9181186fc92f075f7e64ee9fa0b6b1ada094c39c9a9f39f06693d06b17067f78d4e7'}</msg>
<status status="PASS" starttime="20220220 04:42:19.555" endtime="20220220 04:42:19.556"></status>
</kw>
<kw name="Post Request" library="RequestsLibrary">
<doc>Send a POST request on the session object found using the
given `alias`</doc>
<arguments>
<arg>httpbin</arg>
<arg>api/v1/authentication/login</arg>
<arg>headers=${headers}</arg>
<arg>data={}</arg>
</arguments>
<assign>
<var>${resp}</var>
</assign>
<msg timestamp="20220220 04:42:19.744" level="INFO">Post Request using : alias=httpbin, uri=api/v1/authentication/login, data={}, headers={'Content-Type': 'application/json', 'x-client-id': 'KJbr_Xs5TLmhY03JWSi3NQ', 'x-api-key': '2308e2dd300f6b959b7f4e0a52ba9181186fc92f075f7e64ee9fa0b6b1ada094c39c9a9f39f06693d06b17067f78d4e7'}, files=None, allow_redirects=True </msg>
<msg timestamp="20220220 04:42:19.744" level="INFO">${resp} = &lt;Response [201]&gt;</msg>
<status status="PASS" starttime="20220220 04:42:19.556" endtime="20220220 04:42:19.744"></status>
</kw>
<kw name="Should Be Equal As Strings" library="BuiltIn">
<doc>Fails if objects are unequal after converting them to strings.</doc>
<arguments>
<arg>${resp.status_code}</arg>
<arg>${SUCCESS_RESPONSE_CODE}</arg>
</arguments>
<msg timestamp="20220220 04:42:19.745" level="INFO">Argument types are:
&lt;class 'int'&gt;
&lt;type 'unicode'&gt;</msg>
<status status="PASS" starttime="20220220 04:42:19.744" endtime="20220220 04:42:19.745"></status>
</kw>
<msg timestamp="20220220 04:42:19.745" level="INFO">${GET_AUTH_TOKEN} = eyJhbGciOiJIUzI1NiJ9.eyJqdGkiOiIyZDI1M2FkNC03YWI2LTQ3YzQtODIxMC0wMDMwMWViZWI3MmQiLCJzdWIiOiIyODk2ZWJmZC03YjM5LTRjYjktYTE2My00ZGM5NTkyOGI3MzUiLCJpYXQiOjE2NDUzMDMzMzksImV4cCI6MTY0NTMxNTMzOSwiYWNjb3VudF9...</msg>
<status status="PASS" starttime="20220220 04:42:19.551" endtime="20220220 04:42:19.745"></status>
</kw>
<kw name="Create Session" library="RequestsLibrary">
<doc>Create Session: create a HTTP session to a server</doc>
<arguments>
<arg>httpbin</arg>
<arg>${URL}</arg>
<arg>verify=True</arg>
</arguments>
<msg timestamp="20220220 04:42:19.746" level="INFO">Creating Session using : alias=httpbin, url=https://api-demo.airwallex.com, headers={},                     cookies=None, auth=None, timeout=None, proxies=None, verify=True,                     debug=0 </msg>
<status status="PASS" starttime="20220220 04:42:19.745" endtime="20220220 04:42:19.746"></status>
</kw>
<kw name="Create Dictionary" library="BuiltIn">
<doc>Creates and returns a dictionary based on the given ``items``.</doc>
<arguments>
<arg>Authorization</arg>
<arg>Bearer ${GET_AUTH_TOKEN}</arg>
<arg>Content-Type</arg>
<arg>application/json</arg>
</arguments>
<assign>
<var>${HEADERS}</var>
</assign>
<msg timestamp="20220220 04:42:19.747" level="INFO">${HEADERS} = {'Authorization': 'Bearer eyJhbGciOiJIUzI1NiJ9.eyJqdGkiOiIyZDI1M2FkNC03YWI2LTQ3YzQtODIxMC0wMDMwMWViZWI3MmQiLCJzdWIiOiIyODk2ZWJmZC03YjM5LTRjYjktYTE2My00ZGM5NTkyOGI3MzUiLCJpYXQiOjE2NDUzMDMzMzksImV4cCI6M...</msg>
<status status="PASS" starttime="20220220 04:42:19.746" endtime="20220220 04:42:19.747"></status>
</kw>
<kw name="Post Request" library="RequestsLibrary">
<doc>Send a POST request on the session object found using the
given `alias`</doc>
<arguments>
<arg>httpbin</arg>
<arg>api/v1/beneficiaries/create</arg>
<arg>headers=${HEADERS}</arg>
<arg>data=${PAYLOAD}</arg>
</arguments>
<assign>
<var>${resp}</var>
</assign>
<msg timestamp="20220220 04:42:19.882" level="INFO">Post Request using : alias=httpbin, uri=api/v1/beneficiaries/create, data={"beneficiary": {"additional_info": {"personal_email": "john.walker@gmail.com"}, "address": {"city": "Seattle", "country_code": "US", "postcode": "98104", "state": "Washington", "street_address": "412 5th Avenue"}, "bank_details": {"account_currency": "USD", "account_name": "", "account_number": "9898984", "account_routing_type1": "aba", "bank_country_code": "US", "bank_name": "Axis Bank", "swift_code": "CHASUS33"}, "company_name": "ABC University", "entity_type": "COMPANY"}, "nickname": "ABC University", "payer_entity_type": "PERSONAL", "payment_methods": ["SWIFT"]}, headers={'Authorization': 'Bearer eyJhbGciOiJIUzI1NiJ9.eyJqdGkiOiIyZDI1M2FkNC03YWI2LTQ3YzQtODIxMC0wMDMwMWViZWI3MmQiLCJzdWIiOiIyODk2ZWJmZC03YjM5LTRjYjktYTE2My00ZGM5NTkyOGI3MzUiLCJpYXQiOjE2NDUzMDMzMzksImV4cCI6MTY0NTMxNTMzOSwiYWNjb3VudF9pZCI6IjIyNTQ4MzkyLTM4Y2MtNDFiNy04YjFiLWM1YWNjZDAzNzJhOCIsImRhdGFfY2VudGVyX3JlZ2lvbiI6IkhLIiwidHlwZSI6ImNsaWVudCIsImRjIjoiSEsiLCJpc3NkYyI6IlVTIn0.dRcor-HG5y1gy495b1ALfDIzBn25JSTAhSaIlFc092Y', 'Content-Type': 'application/json'}, files=None, allow_redirects=True </msg>
<msg timestamp="20220220 04:42:19.882" level="INFO">${resp} = &lt;Response [400]&gt;</msg>
<status status="PASS" starttime="20220220 04:42:19.747" endtime="20220220 04:42:19.882"></status>
</kw>
<kw name="Create List" library="BuiltIn">
<doc>Returns a list containing given items.</doc>
<arguments>
<arg>${resp.status_code}</arg>
<arg>${resp.json()}</arg>
</arguments>
<assign>
<var>@{RESP_LIST}</var>
</assign>
<msg timestamp="20220220 04:42:19.883" level="INFO">@{RESP_LIST} = [ 400 | {'code': 'payment_schema_validation_failed', 'message': 'This field is required', 'source': 'beneficiary.bank_details.account_name'} ]</msg>
<status status="PASS" starttime="20220220 04:42:19.883" endtime="20220220 04:42:19.883"></status>
</kw>
<msg timestamp="20220220 04:42:19.884" level="INFO">${RESP_MSG} = [400, {'code': 'payment_schema_validation_failed', 'message': 'This field is required', 'source': 'beneficiary.bank_details.account_name'}]</msg>
<status status="PASS" starttime="20220220 04:42:19.550" endtime="20220220 04:42:19.884"></status>
</kw>
<kw name="Assert Response Failed" library="common">
<arguments>
<arg>${RESP_MSG}</arg>
<arg>${FAILED_FIELD_IS_REQUIRED}</arg>
</arguments>
<kw name="Should Be Equal As Strings" library="BuiltIn">
<doc>Fails if objects are unequal after converting them to strings.</doc>
<arguments>
<arg>${ACTUAL_MSG}[0]</arg>
<arg>${400}</arg>
</arguments>
<status status="PASS" starttime="20220220 04:42:19.884" endtime="20220220 04:42:19.885"></status>
</kw>
<kw name="Should Be Equal As Strings" library="BuiltIn">
<doc>Fails if objects are unequal after converting them to strings.</doc>
<arguments>
<arg>${ACTUAL_MSG}[1][message]</arg>
<arg>${EXPECT_MSG}</arg>
</arguments>
<status status="PASS" starttime="20220220 04:42:19.885" endtime="20220220 04:42:19.885"></status>
</kw>
<status status="PASS" starttime="20220220 04:42:19.884" endtime="20220220 04:42:19.886"></status>
</kw>
<tags>
<tag>negative_cases</tag>
<tag>smoke</tag>
</tags>
<status status="PASS" starttime="20220220 04:42:19.509" endtime="20220220 04:42:19.886" critical="yes"></status>
</test>
<test id="s1-s2-t3" name="Field Account name should be mandatory - @CN @SWIFT">
<kw name="Load Test Data" library="testData">
<arguments>
<arg>payload_US</arg>
</arguments>
<assign>
<var>${BANK_DETAILS}</var>
</assign>
<msg timestamp="20220220 04:42:19.887" level="INFO">${BANK_DETAILS} = {'account_currency': 'USD', 'account_name': 'Karthick Bakaran', 'account_number': '1', 'account_routing_type1': 'aba', 'bank_country_code': 'US', 'bank_name': 'Axis Bank', 'swift_code': 'CHASUS33'}</msg>
<status status="PASS" starttime="20220220 04:42:19.887" endtime="20220220 04:42:19.888"></status>
</kw>
<kw name="Update Bank Details In Json" library="common">
<arguments>
<arg>${BANK_DETAILS}</arg>
</arguments>
<assign>
<var>${PAYLOAD}</var>
</assign>
<kw name="Load JSON From File" library="JSONLibrary">
<doc>Load JSON from file.</doc>
<arguments>
<arg>${EXECDIR}${/}config${/}payload.json</arg>
</arguments>
<assign>
<var>${JSON_FILE}</var>
</assign>
<msg timestamp="20220220 04:42:19.889" level="INFO">${JSON_FILE} = {'beneficiary': {'additional_info': {'personal_email': 'john.walker@gmail.com'}, 'address': {'city': 'Seattle', 'country_code': 'US', 'postcode': '98104', 'state': 'Washington', 'street_address': '412...</msg>
<status status="PASS" starttime="20220220 04:42:19.888" endtime="20220220 04:42:19.889"></status>
</kw>
<kw name="Update Value To Json" library="JSONLibrary">
<doc>Update value to JSON using JSONPath</doc>
<arguments>
<arg>${JSON_FILE}</arg>
<arg>$..bank_details</arg>
<arg>${BANK_DETAILS}</arg>
</arguments>
<assign>
<var>${JSON_VAL}</var>
</assign>
<msg timestamp="20220220 04:42:19.931" level="INFO">${JSON_VAL} = {'beneficiary': {'additional_info': {'personal_email': 'john.walker@gmail.com'}, 'address': {'city': 'Seattle', 'country_code': 'US', 'postcode': '98104', 'state': 'Washington', 'street_address': '412...</msg>
<status status="PASS" starttime="20220220 04:42:19.890" endtime="20220220 04:42:19.931"></status>
</kw>
<msg timestamp="20220220 04:42:19.931" level="INFO">${PAYLOAD} = {'beneficiary': {'additional_info': {'personal_email': 'john.walker@gmail.com'}, 'address': {'city': 'Seattle', 'country_code': 'US', 'postcode': '98104', 'state': 'Washington', 'street_address': '412...</msg>
<status status="PASS" starttime="20220220 04:42:19.888" endtime="20220220 04:42:19.931"></status>
</kw>
<kw name="Delete Object From Json" library="JSONLibrary">
<doc>Delete Object From JSON using json_path</doc>
<arguments>
<arg>${PAYLOAD}</arg>
<arg>$..bank_details.account_name</arg>
</arguments>
<assign>
<var>${PAYLOAD}</var>
</assign>
<msg timestamp="20220220 04:42:19.971" level="INFO">${PAYLOAD} = {'beneficiary': {'additional_info': {'personal_email': 'john.walker@gmail.com'}, 'address': {'city': 'Seattle', 'country_code': 'US', 'postcode': '98104', 'state': 'Washington', 'street_address': '412...</msg>
<status status="PASS" starttime="20220220 04:42:19.932" endtime="20220220 04:42:19.971"></status>
</kw>
<kw name="Create a New Beneficiary Request" library="common">
<arguments>
<arg>${PAYLOAD}</arg>
</arguments>
<assign>
<var>${RESP_MSG}</var>
</assign>
<kw name="Create Authorization Token" library="common">
<assign>
<var>${GET_AUTH_TOKEN}</var>
</assign>
<kw name="Create Session" library="RequestsLibrary">
<doc>Create Session: create a HTTP session to a server</doc>
<arguments>
<arg>httpbin</arg>
<arg>${URL}</arg>
<arg>verify=True</arg>
</arguments>
<msg timestamp="20220220 04:42:19.972" level="INFO">Creating Session using : alias=httpbin, url=https://api-demo.airwallex.com, headers={},                     cookies=None, auth=None, timeout=None, proxies=None, verify=True,                     debug=0 </msg>
<status status="PASS" starttime="20220220 04:42:19.972" endtime="20220220 04:42:19.973"></status>
</kw>
<kw name="Create Dictionary" library="BuiltIn">
<doc>Creates and returns a dictionary based on the given ``items``.</doc>
<arguments>
<arg>Content-Type</arg>
<arg>application/json</arg>
<arg>x-client-id</arg>
<arg>KJbr_Xs5TLmhY03JWSi3NQ</arg>
<arg>x-api-key</arg>
<arg>2308e2dd300f6b959b7f4e0a52ba9181186fc92f075f7e64ee9fa0b6b1ada094c39c9a9f39f06693d06b17067f78d4e7</arg>
</arguments>
<assign>
<var>${headers}</var>
</assign>
<msg timestamp="20220220 04:42:19.973" level="INFO">${headers} = {'Content-Type': 'application/json', 'x-client-id': 'KJbr_Xs5TLmhY03JWSi3NQ', 'x-api-key': '2308e2dd300f6b959b7f4e0a52ba9181186fc92f075f7e64ee9fa0b6b1ada094c39c9a9f39f06693d06b17067f78d4e7'}</msg>
<status status="PASS" starttime="20220220 04:42:19.973" endtime="20220220 04:42:19.973"></status>
</kw>
<kw name="Post Request" library="RequestsLibrary">
<doc>Send a POST request on the session object found using the
given `alias`</doc>
<arguments>
<arg>httpbin</arg>
<arg>api/v1/authentication/login</arg>
<arg>headers=${headers}</arg>
<arg>data={}</arg>
</arguments>
<assign>
<var>${resp}</var>
</assign>
<msg timestamp="20220220 04:42:20.376" level="INFO">Post Request using : alias=httpbin, uri=api/v1/authentication/login, data={}, headers={'Content-Type': 'application/json', 'x-client-id': 'KJbr_Xs5TLmhY03JWSi3NQ', 'x-api-key': '2308e2dd300f6b959b7f4e0a52ba9181186fc92f075f7e64ee9fa0b6b1ada094c39c9a9f39f06693d06b17067f78d4e7'}, files=None, allow_redirects=True </msg>
<msg timestamp="20220220 04:42:20.376" level="INFO">${resp} = &lt;Response [201]&gt;</msg>
<status status="PASS" starttime="20220220 04:42:19.973" endtime="20220220 04:42:20.376"></status>
</kw>
<kw name="Should Be Equal As Strings" library="BuiltIn">
<doc>Fails if objects are unequal after converting them to strings.</doc>
<arguments>
<arg>${resp.status_code}</arg>
<arg>${SUCCESS_RESPONSE_CODE}</arg>
</arguments>
<msg timestamp="20220220 04:42:20.377" level="INFO">Argument types are:
&lt;class 'int'&gt;
&lt;type 'unicode'&gt;</msg>
<status status="PASS" starttime="20220220 04:42:20.376" endtime="20220220 04:42:20.377"></status>
</kw>
<msg timestamp="20220220 04:42:20.377" level="INFO">${GET_AUTH_TOKEN} = eyJhbGciOiJIUzI1NiJ9.eyJqdGkiOiIxYTgzZjI2Ni1kMzRjLTQ0MDQtOGZhOC02NzMwN2M1ZTBiODkiLCJzdWIiOiIyODk2ZWJmZC03YjM5LTRjYjktYTE2My00ZGM5NTkyOGI3MzUiLCJpYXQiOjE2NDUzMDMzMzksImV4cCI6MTY0NTMxNTMzOSwiYWNjb3VudF9...</msg>
<status status="PASS" starttime="20220220 04:42:19.972" endtime="20220220 04:42:20.377"></status>
</kw>
<kw name="Create Session" library="RequestsLibrary">
<doc>Create Session: create a HTTP session to a server</doc>
<arguments>
<arg>httpbin</arg>
<arg>${URL}</arg>
<arg>verify=True</arg>
</arguments>
<msg timestamp="20220220 04:42:20.378" level="INFO">Creating Session using : alias=httpbin, url=https://api-demo.airwallex.com, headers={},                     cookies=None, auth=None, timeout=None, proxies=None, verify=True,                     debug=0 </msg>
<status status="PASS" starttime="20220220 04:42:20.378" endtime="20220220 04:42:20.378"></status>
</kw>
<kw name="Create Dictionary" library="BuiltIn">
<doc>Creates and returns a dictionary based on the given ``items``.</doc>
<arguments>
<arg>Authorization</arg>
<arg>Bearer ${GET_AUTH_TOKEN}</arg>
<arg>Content-Type</arg>
<arg>application/json</arg>
</arguments>
<assign>
<var>${HEADERS}</var>
</assign>
<msg timestamp="20220220 04:42:20.379" level="INFO">${HEADERS} = {'Authorization': 'Bearer eyJhbGciOiJIUzI1NiJ9.eyJqdGkiOiIxYTgzZjI2Ni1kMzRjLTQ0MDQtOGZhOC02NzMwN2M1ZTBiODkiLCJzdWIiOiIyODk2ZWJmZC03YjM5LTRjYjktYTE2My00ZGM5NTkyOGI3MzUiLCJpYXQiOjE2NDUzMDMzMzksImV4cCI6M...</msg>
<status status="PASS" starttime="20220220 04:42:20.378" endtime="20220220 04:42:20.379"></status>
</kw>
<kw name="Post Request" library="RequestsLibrary">
<doc>Send a POST request on the session object found using the
given `alias`</doc>
<arguments>
<arg>httpbin</arg>
<arg>api/v1/beneficiaries/create</arg>
<arg>headers=${HEADERS}</arg>
<arg>data=${PAYLOAD}</arg>
</arguments>
<assign>
<var>${resp}</var>
</assign>
<msg timestamp="20220220 04:42:20.683" level="INFO">Post Request using : alias=httpbin, uri=api/v1/beneficiaries/create, data={"beneficiary": {"additional_info": {"personal_email": "john.walker@gmail.com"}, "address": {"city": "Seattle", "country_code": "US", "postcode": "98104", "state": "Washington", "street_address": "412 5th Avenue"}, "bank_details": {"account_currency": "USD", "account_number": "1", "account_routing_type1": "aba", "bank_country_code": "US", "bank_name": "Axis Bank", "swift_code": "CHASUS33"}, "company_name": "ABC University", "entity_type": "COMPANY"}, "nickname": "ABC University", "payer_entity_type": "PERSONAL", "payment_methods": ["SWIFT"]}, headers={'Authorization': 'Bearer eyJhbGciOiJIUzI1NiJ9.eyJqdGkiOiIxYTgzZjI2Ni1kMzRjLTQ0MDQtOGZhOC02NzMwN2M1ZTBiODkiLCJzdWIiOiIyODk2ZWJmZC03YjM5LTRjYjktYTE2My00ZGM5NTkyOGI3MzUiLCJpYXQiOjE2NDUzMDMzMzksImV4cCI6MTY0NTMxNTMzOSwiYWNjb3VudF9pZCI6IjIyNTQ4MzkyLTM4Y2MtNDFiNy04YjFiLWM1YWNjZDAzNzJhOCIsImRhdGFfY2VudGVyX3JlZ2lvbiI6IkhLIiwidHlwZSI6ImNsaWVudCIsImRjIjoiSEsiLCJpc3NkYyI6IlVTIn0.XtlqpVR38N5HOMzs_AyLncThmXIpB5okQo4YOp_CGzY', 'Content-Type': 'application/json'}, files=None, allow_redirects=True </msg>
<msg timestamp="20220220 04:42:20.683" level="INFO">${resp} = &lt;Response [400]&gt;</msg>
<status status="PASS" starttime="20220220 04:42:20.379" endtime="20220220 04:42:20.683"></status>
</kw>
<kw name="Create List" library="BuiltIn">
<doc>Returns a list containing given items.</doc>
<arguments>
<arg>${resp.status_code}</arg>
<arg>${resp.json()}</arg>
</arguments>
<assign>
<var>@{RESP_LIST}</var>
</assign>
<msg timestamp="20220220 04:42:20.684" level="INFO">@{RESP_LIST} = [ 400 | {'code': 'payment_schema_validation_failed', 'message': 'This field is required', 'source': 'beneficiary.bank_details.account_name'} ]</msg>
<status status="PASS" starttime="20220220 04:42:20.683" endtime="20220220 04:42:20.684"></status>
</kw>
<msg timestamp="20220220 04:42:20.684" level="INFO">${RESP_MSG} = [400, {'code': 'payment_schema_validation_failed', 'message': 'This field is required', 'source': 'beneficiary.bank_details.account_name'}]</msg>
<status status="PASS" starttime="20220220 04:42:19.971" endtime="20220220 04:42:20.684"></status>
</kw>
<kw name="Assert Response Failed" library="common">
<arguments>
<arg>${RESP_MSG}</arg>
<arg>${FAILED_FIELD_IS_REQUIRED}</arg>
</arguments>
<kw name="Should Be Equal As Strings" library="BuiltIn">
<doc>Fails if objects are unequal after converting them to strings.</doc>
<arguments>
<arg>${ACTUAL_MSG}[0]</arg>
<arg>${400}</arg>
</arguments>
<status status="PASS" starttime="20220220 04:42:20.685" endtime="20220220 04:42:20.685"></status>
</kw>
<kw name="Should Be Equal As Strings" library="BuiltIn">
<doc>Fails if objects are unequal after converting them to strings.</doc>
<arguments>
<arg>${ACTUAL_MSG}[1][message]</arg>
<arg>${EXPECT_MSG}</arg>
</arguments>
<status status="PASS" starttime="20220220 04:42:20.686" endtime="20220220 04:42:20.686"></status>
</kw>
<status status="PASS" starttime="20220220 04:42:20.685" endtime="20220220 04:42:20.686"></status>
</kw>
<tags>
<tag>negative_cases</tag>
<tag>smoke</tag>
</tags>
<status status="PASS" starttime="20220220 04:42:19.886" endtime="20220220 04:42:20.686" critical="yes"></status>
</test>
<status status="PASS" starttime="20220220 04:42:18.999" endtime="20220220 04:42:20.687"></status>
</suite>
<suite id="s1-s3" name="Account Number" source="/Users/karthick/Documents/Airwallex-QA-Assessment/suites/Account_Number.robot">
<test id="s1-s3-t1" name="Account Number Should Be 1-17 Characters - @US@SWIFT">
<kw name="Load Test Data" library="testData">
<arguments>
<arg>payload_US</arg>
</arguments>
<assign>
<var>${BANK_DETAILS}</var>
</assign>
<msg timestamp="20220220 04:42:20.698" level="INFO">${BANK_DETAILS} = {'account_currency': 'USD', 'account_name': 'Karthick Bakaran', 'account_number': '11', 'account_routing_type1': 'aba', 'bank_country_code': 'US', 'bank_name': 'Axis Bank', 'swift_code': 'CHASUS33'}</msg>
<status status="PASS" starttime="20220220 04:42:20.698" endtime="20220220 04:42:20.698"></status>
</kw>
<kw name="Update Bank Details In Json" library="common">
<arguments>
<arg>${BANK_DETAILS}</arg>
</arguments>
<assign>
<var>${PAYLOAD}</var>
</assign>
<kw name="Load JSON From File" library="JSONLibrary">
<doc>Load JSON from file.</doc>
<arguments>
<arg>${EXECDIR}${/}config${/}payload.json</arg>
</arguments>
<assign>
<var>${JSON_FILE}</var>
</assign>
<msg timestamp="20220220 04:42:20.700" level="INFO">${JSON_FILE} = {'beneficiary': {'additional_info': {'personal_email': 'john.walker@gmail.com'}, 'address': {'city': 'Seattle', 'country_code': 'US', 'postcode': '98104', 'state': 'Washington', 'street_address': '412...</msg>
<status status="PASS" starttime="20220220 04:42:20.699" endtime="20220220 04:42:20.700"></status>
</kw>
<kw name="Update Value To Json" library="JSONLibrary">
<doc>Update value to JSON using JSONPath</doc>
<arguments>
<arg>${JSON_FILE}</arg>
<arg>$..bank_details</arg>
<arg>${BANK_DETAILS}</arg>
</arguments>
<assign>
<var>${JSON_VAL}</var>
</assign>
<msg timestamp="20220220 04:42:20.739" level="INFO">${JSON_VAL} = {'beneficiary': {'additional_info': {'personal_email': 'john.walker@gmail.com'}, 'address': {'city': 'Seattle', 'country_code': 'US', 'postcode': '98104', 'state': 'Washington', 'street_address': '412...</msg>
<status status="PASS" starttime="20220220 04:42:20.700" endtime="20220220 04:42:20.739"></status>
</kw>
<msg timestamp="20220220 04:42:20.740" level="INFO">${PAYLOAD} = {'beneficiary': {'additional_info': {'personal_email': 'john.walker@gmail.com'}, 'address': {'city': 'Seattle', 'country_code': 'US', 'postcode': '98104', 'state': 'Washington', 'street_address': '412...</msg>
<status status="PASS" starttime="20220220 04:42:20.699" endtime="20220220 04:42:20.740"></status>
</kw>
<kw name="Create a New Beneficiary Request" library="common">
<arguments>
<arg>${PAYLOAD}</arg>
</arguments>
<assign>
<var>${RESP_MSG}</var>
</assign>
<kw name="Create Authorization Token" library="common">
<assign>
<var>${GET_AUTH_TOKEN}</var>
</assign>
<kw name="Create Session" library="RequestsLibrary">
<doc>Create Session: create a HTTP session to a server</doc>
<arguments>
<arg>httpbin</arg>
<arg>${URL}</arg>
<arg>verify=True</arg>
</arguments>
<msg timestamp="20220220 04:42:20.741" level="INFO">Creating Session using : alias=httpbin, url=https://api-demo.airwallex.com, headers={},                     cookies=None, auth=None, timeout=None, proxies=None, verify=True,                     debug=0 </msg>
<status status="PASS" starttime="20220220 04:42:20.741" endtime="20220220 04:42:20.742"></status>
</kw>
<kw name="Create Dictionary" library="BuiltIn">
<doc>Creates and returns a dictionary based on the given ``items``.</doc>
<arguments>
<arg>Content-Type</arg>
<arg>application/json</arg>
<arg>x-client-id</arg>
<arg>KJbr_Xs5TLmhY03JWSi3NQ</arg>
<arg>x-api-key</arg>
<arg>2308e2dd300f6b959b7f4e0a52ba9181186fc92f075f7e64ee9fa0b6b1ada094c39c9a9f39f06693d06b17067f78d4e7</arg>
</arguments>
<assign>
<var>${headers}</var>
</assign>
<msg timestamp="20220220 04:42:20.742" level="INFO">${headers} = {'Content-Type': 'application/json', 'x-client-id': 'KJbr_Xs5TLmhY03JWSi3NQ', 'x-api-key': '2308e2dd300f6b959b7f4e0a52ba9181186fc92f075f7e64ee9fa0b6b1ada094c39c9a9f39f06693d06b17067f78d4e7'}</msg>
<status status="PASS" starttime="20220220 04:42:20.742" endtime="20220220 04:42:20.742"></status>
</kw>
<kw name="Post Request" library="RequestsLibrary">
<doc>Send a POST request on the session object found using the
given `alias`</doc>
<arguments>
<arg>httpbin</arg>
<arg>api/v1/authentication/login</arg>
<arg>headers=${headers}</arg>
<arg>data={}</arg>
</arguments>
<assign>
<var>${resp}</var>
</assign>
<msg timestamp="20220220 04:42:20.990" level="INFO">Post Request using : alias=httpbin, uri=api/v1/authentication/login, data={}, headers={'Content-Type': 'application/json', 'x-client-id': 'KJbr_Xs5TLmhY03JWSi3NQ', 'x-api-key': '2308e2dd300f6b959b7f4e0a52ba9181186fc92f075f7e64ee9fa0b6b1ada094c39c9a9f39f06693d06b17067f78d4e7'}, files=None, allow_redirects=True </msg>
<msg timestamp="20220220 04:42:20.990" level="INFO">${resp} = &lt;Response [201]&gt;</msg>
<status status="PASS" starttime="20220220 04:42:20.743" endtime="20220220 04:42:20.990"></status>
</kw>
<kw name="Should Be Equal As Strings" library="BuiltIn">
<doc>Fails if objects are unequal after converting them to strings.</doc>
<arguments>
<arg>${resp.status_code}</arg>
<arg>${SUCCESS_RESPONSE_CODE}</arg>
</arguments>
<msg timestamp="20220220 04:42:20.991" level="INFO">Argument types are:
&lt;class 'int'&gt;
&lt;type 'unicode'&gt;</msg>
<status status="PASS" starttime="20220220 04:42:20.991" endtime="20220220 04:42:20.991"></status>
</kw>
<msg timestamp="20220220 04:42:20.991" level="INFO">${GET_AUTH_TOKEN} = eyJhbGciOiJIUzI1NiJ9.eyJqdGkiOiJkYTUxMjNkNi02MWY0LTQwODAtYmY2OS03MmJlYWYzZjlmZjQiLCJzdWIiOiIyODk2ZWJmZC03YjM5LTRjYjktYTE2My00ZGM5NTkyOGI3MzUiLCJpYXQiOjE2NDUzMDMzNDAsImV4cCI6MTY0NTMxNTM0MCwiYWNjb3VudF9...</msg>
<status status="PASS" starttime="20220220 04:42:20.740" endtime="20220220 04:42:20.991"></status>
</kw>
<kw name="Create Session" library="RequestsLibrary">
<doc>Create Session: create a HTTP session to a server</doc>
<arguments>
<arg>httpbin</arg>
<arg>${URL}</arg>
<arg>verify=True</arg>
</arguments>
<msg timestamp="20220220 04:42:20.992" level="INFO">Creating Session using : alias=httpbin, url=https://api-demo.airwallex.com, headers={},                     cookies=None, auth=None, timeout=None, proxies=None, verify=True,                     debug=0 </msg>
<status status="PASS" starttime="20220220 04:42:20.991" endtime="20220220 04:42:20.992"></status>
</kw>
<kw name="Create Dictionary" library="BuiltIn">
<doc>Creates and returns a dictionary based on the given ``items``.</doc>
<arguments>
<arg>Authorization</arg>
<arg>Bearer ${GET_AUTH_TOKEN}</arg>
<arg>Content-Type</arg>
<arg>application/json</arg>
</arguments>
<assign>
<var>${HEADERS}</var>
</assign>
<msg timestamp="20220220 04:42:20.992" level="INFO">${HEADERS} = {'Authorization': 'Bearer eyJhbGciOiJIUzI1NiJ9.eyJqdGkiOiJkYTUxMjNkNi02MWY0LTQwODAtYmY2OS03MmJlYWYzZjlmZjQiLCJzdWIiOiIyODk2ZWJmZC03YjM5LTRjYjktYTE2My00ZGM5NTkyOGI3MzUiLCJpYXQiOjE2NDUzMDMzNDAsImV4cCI6M...</msg>
<status status="PASS" starttime="20220220 04:42:20.992" endtime="20220220 04:42:20.992"></status>
</kw>
<kw name="Post Request" library="RequestsLibrary">
<doc>Send a POST request on the session object found using the
given `alias`</doc>
<arguments>
<arg>httpbin</arg>
<arg>api/v1/beneficiaries/create</arg>
<arg>headers=${HEADERS}</arg>
<arg>data=${PAYLOAD}</arg>
</arguments>
<assign>
<var>${resp}</var>
</assign>
<msg timestamp="20220220 04:42:21.149" level="INFO">Post Request using : alias=httpbin, uri=api/v1/beneficiaries/create, data={"beneficiary": {"additional_info": {"personal_email": "john.walker@gmail.com"}, "address": {"city": "Seattle", "country_code": "US", "postcode": "98104", "state": "Washington", "street_address": "412 5th Avenue"}, "bank_details": {"account_currency": "USD", "account_name": "Karthick Bakaran", "account_number": "11", "account_routing_type1": "aba", "bank_country_code": "US", "bank_name": "Axis Bank", "swift_code": "CHASUS33"}, "company_name": "ABC University", "entity_type": "COMPANY"}, "nickname": "ABC University", "payer_entity_type": "PERSONAL", "payment_methods": ["SWIFT"]}, headers={'Authorization': 'Bearer eyJhbGciOiJIUzI1NiJ9.eyJqdGkiOiJkYTUxMjNkNi02MWY0LTQwODAtYmY2OS03MmJlYWYzZjlmZjQiLCJzdWIiOiIyODk2ZWJmZC03YjM5LTRjYjktYTE2My00ZGM5NTkyOGI3MzUiLCJpYXQiOjE2NDUzMDMzNDAsImV4cCI6MTY0NTMxNTM0MCwiYWNjb3VudF9pZCI6IjIyNTQ4MzkyLTM4Y2MtNDFiNy04YjFiLWM1YWNjZDAzNzJhOCIsImRhdGFfY2VudGVyX3JlZ2lvbiI6IkhLIiwidHlwZSI6ImNsaWVudCIsImRjIjoiSEsiLCJpc3NkYyI6IlVTIn0.PAx3IcW79m7zAalIx0yxv7GWLN4z1XJy1_KCIwB0lCA', 'Content-Type': 'application/json'}, files=None, allow_redirects=True </msg>
<msg timestamp="20220220 04:42:21.149" level="INFO">${resp} = &lt;Response [201]&gt;</msg>
<status status="PASS" starttime="20220220 04:42:20.992" endtime="20220220 04:42:21.149"></status>
</kw>
<kw name="Create List" library="BuiltIn">
<doc>Returns a list containing given items.</doc>
<arguments>
<arg>${resp.status_code}</arg>
<arg>${resp.json()}</arg>
</arguments>
<assign>
<var>@{RESP_LIST}</var>
</assign>
<msg timestamp="20220220 04:42:21.150" level="INFO">@{RESP_LIST} = [ 201 | {'beneficiary': {'additional_info': {'personal_email': 'john.walker@gmail.com'}, 'address': {'city': 'Seattle', 'country_code': 'US', 'postcode': '98104', 'state': 'Washington', 'street_addres...</msg>
<status status="PASS" starttime="20220220 04:42:21.150" endtime="20220220 04:42:21.150"></status>
</kw>
<msg timestamp="20220220 04:42:21.150" level="INFO">${RESP_MSG} = [201, {'beneficiary': {'additional_info': {'personal_email': 'john.walker@gmail.com'}, 'address': {'city': 'Seattle', 'country_code': 'US', 'postcode': '98104', 'state': 'Washington', 'street_address'...</msg>
<status status="PASS" starttime="20220220 04:42:20.740" endtime="20220220 04:42:21.150"></status>
</kw>
<kw name="Assert response passed" library="common">
<arguments>
<arg>${RESP_MSG}</arg>
</arguments>
<kw name="Should Be Equal As Strings" library="BuiltIn">
<doc>Fails if objects are unequal after converting them to strings.</doc>
<arguments>
<arg>${res}[0]</arg>
<arg>${201}</arg>
</arguments>
<status status="PASS" starttime="20220220 04:42:21.151" endtime="20220220 04:42:21.151"></status>
</kw>
<status status="PASS" starttime="20220220 04:42:21.151" endtime="20220220 04:42:21.152"></status>
</kw>
<tags>
<tag>positive_cases</tag>
<tag>smoke</tag>
</tags>
<status status="PASS" starttime="20220220 04:42:20.697" endtime="20220220 04:42:21.152" critical="yes"></status>
</test>
<test id="s1-s3-t2" name="Account Number Should Be 6-9 Characters - @AU@SWIFT">
<kw name="Load Test Data" library="testData">
<arguments>
<arg>payload_AU</arg>
</arguments>
<assign>
<var>${BANK_DETAILS}</var>
</assign>
<msg timestamp="20220220 04:42:21.153" level="INFO">${BANK_DETAILS} = {'account_currency': 'AUD', 'account_name': 'John Vijay', 'account_number': '9751553', 'account_routing_type1': 'bsb', 'bank_country_code': 'AU', 'bank_name': 'ABC Bank', 'swift_code': 'CITIAUSX'}</msg>
<status status="PASS" starttime="20220220 04:42:21.153" endtime="20220220 04:42:21.153"></status>
</kw>
<kw name="Update Bank Details In Json" library="common">
<arguments>
<arg>${BANK_DETAILS}</arg>
</arguments>
<assign>
<var>${PAYLOAD}</var>
</assign>
<kw name="Load JSON From File" library="JSONLibrary">
<doc>Load JSON from file.</doc>
<arguments>
<arg>${EXECDIR}${/}config${/}payload.json</arg>
</arguments>
<assign>
<var>${JSON_FILE}</var>
</assign>
<msg timestamp="20220220 04:42:21.155" level="INFO">${JSON_FILE} = {'beneficiary': {'additional_info': {'personal_email': 'john.walker@gmail.com'}, 'address': {'city': 'Seattle', 'country_code': 'US', 'postcode': '98104', 'state': 'Washington', 'street_address': '412...</msg>
<status status="PASS" starttime="20220220 04:42:21.154" endtime="20220220 04:42:21.155"></status>
</kw>
<kw name="Update Value To Json" library="JSONLibrary">
<doc>Update value to JSON using JSONPath</doc>
<arguments>
<arg>${JSON_FILE}</arg>
<arg>$..bank_details</arg>
<arg>${BANK_DETAILS}</arg>
</arguments>
<assign>
<var>${JSON_VAL}</var>
</assign>
<msg timestamp="20220220 04:42:21.189" level="INFO">${JSON_VAL} = {'beneficiary': {'additional_info': {'personal_email': 'john.walker@gmail.com'}, 'address': {'city': 'Seattle', 'country_code': 'US', 'postcode': '98104', 'state': 'Washington', 'street_address': '412...</msg>
<status status="PASS" starttime="20220220 04:42:21.155" endtime="20220220 04:42:21.189"></status>
</kw>
<msg timestamp="20220220 04:42:21.189" level="INFO">${PAYLOAD} = {'beneficiary': {'additional_info': {'personal_email': 'john.walker@gmail.com'}, 'address': {'city': 'Seattle', 'country_code': 'US', 'postcode': '98104', 'state': 'Washington', 'street_address': '412...</msg>
<status status="PASS" starttime="20220220 04:42:21.154" endtime="20220220 04:42:21.189"></status>
</kw>
<kw name="Create a New Beneficiary Request" library="common">
<arguments>
<arg>${PAYLOAD}</arg>
</arguments>
<assign>
<var>${RESP_MSG}</var>
</assign>
<kw name="Create Authorization Token" library="common">
<assign>
<var>${GET_AUTH_TOKEN}</var>
</assign>
<kw name="Create Session" library="RequestsLibrary">
<doc>Create Session: create a HTTP session to a server</doc>
<arguments>
<arg>httpbin</arg>
<arg>${URL}</arg>
<arg>verify=True</arg>
</arguments>
<msg timestamp="20220220 04:42:21.192" level="INFO">Creating Session using : alias=httpbin, url=https://api-demo.airwallex.com, headers={},                     cookies=None, auth=None, timeout=None, proxies=None, verify=True,                     debug=0 </msg>
<status status="PASS" starttime="20220220 04:42:21.191" endtime="20220220 04:42:21.194"></status>
</kw>
<kw name="Create Dictionary" library="BuiltIn">
<doc>Creates and returns a dictionary based on the given ``items``.</doc>
<arguments>
<arg>Content-Type</arg>
<arg>application/json</arg>
<arg>x-client-id</arg>
<arg>KJbr_Xs5TLmhY03JWSi3NQ</arg>
<arg>x-api-key</arg>
<arg>2308e2dd300f6b959b7f4e0a52ba9181186fc92f075f7e64ee9fa0b6b1ada094c39c9a9f39f06693d06b17067f78d4e7</arg>
</arguments>
<assign>
<var>${headers}</var>
</assign>
<msg timestamp="20220220 04:42:21.195" level="INFO">${headers} = {'Content-Type': 'application/json', 'x-client-id': 'KJbr_Xs5TLmhY03JWSi3NQ', 'x-api-key': '2308e2dd300f6b959b7f4e0a52ba9181186fc92f075f7e64ee9fa0b6b1ada094c39c9a9f39f06693d06b17067f78d4e7'}</msg>
<status status="PASS" starttime="20220220 04:42:21.195" endtime="20220220 04:42:21.195"></status>
</kw>
<kw name="Post Request" library="RequestsLibrary">
<doc>Send a POST request on the session object found using the
given `alias`</doc>
<arguments>
<arg>httpbin</arg>
<arg>api/v1/authentication/login</arg>
<arg>headers=${headers}</arg>
<arg>data={}</arg>
</arguments>
<assign>
<var>${resp}</var>
</assign>
<msg timestamp="20220220 04:42:21.502" level="INFO">Post Request using : alias=httpbin, uri=api/v1/authentication/login, data={}, headers={'Content-Type': 'application/json', 'x-client-id': 'KJbr_Xs5TLmhY03JWSi3NQ', 'x-api-key': '2308e2dd300f6b959b7f4e0a52ba9181186fc92f075f7e64ee9fa0b6b1ada094c39c9a9f39f06693d06b17067f78d4e7'}, files=None, allow_redirects=True </msg>
<msg timestamp="20220220 04:42:21.502" level="INFO">${resp} = &lt;Response [201]&gt;</msg>
<status status="PASS" starttime="20220220 04:42:21.196" endtime="20220220 04:42:21.502"></status>
</kw>
<kw name="Should Be Equal As Strings" library="BuiltIn">
<doc>Fails if objects are unequal after converting them to strings.</doc>
<arguments>
<arg>${resp.status_code}</arg>
<arg>${SUCCESS_RESPONSE_CODE}</arg>
</arguments>
<msg timestamp="20220220 04:42:21.503" level="INFO">Argument types are:
&lt;class 'int'&gt;
&lt;type 'unicode'&gt;</msg>
<status status="PASS" starttime="20220220 04:42:21.503" endtime="20220220 04:42:21.503"></status>
</kw>
<msg timestamp="20220220 04:42:21.504" level="INFO">${GET_AUTH_TOKEN} = eyJhbGciOiJIUzI1NiJ9.eyJqdGkiOiJjMGMwOTY3OS00MDBhLTQxNDItODgxYi03YmFmYzk4YjE2MjEiLCJzdWIiOiIyODk2ZWJmZC03YjM5LTRjYjktYTE2My00ZGM5NTkyOGI3MzUiLCJpYXQiOjE2NDUzMDMzNDAsImV4cCI6MTY0NTMxNTM0MCwiYWNjb3VudF9...</msg>
<status status="PASS" starttime="20220220 04:42:21.190" endtime="20220220 04:42:21.504"></status>
</kw>
<kw name="Create Session" library="RequestsLibrary">
<doc>Create Session: create a HTTP session to a server</doc>
<arguments>
<arg>httpbin</arg>
<arg>${URL}</arg>
<arg>verify=True</arg>
</arguments>
<msg timestamp="20220220 04:42:21.504" level="INFO">Creating Session using : alias=httpbin, url=https://api-demo.airwallex.com, headers={},                     cookies=None, auth=None, timeout=None, proxies=None, verify=True,                     debug=0 </msg>
<status status="PASS" starttime="20220220 04:42:21.504" endtime="20220220 04:42:21.504"></status>
</kw>
<kw name="Create Dictionary" library="BuiltIn">
<doc>Creates and returns a dictionary based on the given ``items``.</doc>
<arguments>
<arg>Authorization</arg>
<arg>Bearer ${GET_AUTH_TOKEN}</arg>
<arg>Content-Type</arg>
<arg>application/json</arg>
</arguments>
<assign>
<var>${HEADERS}</var>
</assign>
<msg timestamp="20220220 04:42:21.505" level="INFO">${HEADERS} = {'Authorization': 'Bearer eyJhbGciOiJIUzI1NiJ9.eyJqdGkiOiJjMGMwOTY3OS00MDBhLTQxNDItODgxYi03YmFmYzk4YjE2MjEiLCJzdWIiOiIyODk2ZWJmZC03YjM5LTRjYjktYTE2My00ZGM5NTkyOGI3MzUiLCJpYXQiOjE2NDUzMDMzNDAsImV4cCI6M...</msg>
<status status="PASS" starttime="20220220 04:42:21.505" endtime="20220220 04:42:21.505"></status>
</kw>
<kw name="Post Request" library="RequestsLibrary">
<doc>Send a POST request on the session object found using the
given `alias`</doc>
<arguments>
<arg>httpbin</arg>
<arg>api/v1/beneficiaries/create</arg>
<arg>headers=${HEADERS}</arg>
<arg>data=${PAYLOAD}</arg>
</arguments>
<assign>
<var>${resp}</var>
</assign>
<msg timestamp="20220220 04:42:21.643" level="INFO">Post Request using : alias=httpbin, uri=api/v1/beneficiaries/create, data={"beneficiary": {"additional_info": {"personal_email": "john.walker@gmail.com"}, "address": {"city": "Seattle", "country_code": "US", "postcode": "98104", "state": "Washington", "street_address": "412 5th Avenue"}, "bank_details": {"account_currency": "AUD", "account_name": "John Vijay", "account_number": "9751553", "account_routing_type1": "bsb", "bank_country_code": "AU", "bank_name": "ABC Bank", "swift_code": "CITIAUSX"}, "company_name": "ABC University", "entity_type": "COMPANY"}, "nickname": "ABC University", "payer_entity_type": "PERSONAL", "payment_methods": ["SWIFT"]}, headers={'Authorization': 'Bearer eyJhbGciOiJIUzI1NiJ9.eyJqdGkiOiJjMGMwOTY3OS00MDBhLTQxNDItODgxYi03YmFmYzk4YjE2MjEiLCJzdWIiOiIyODk2ZWJmZC03YjM5LTRjYjktYTE2My00ZGM5NTkyOGI3MzUiLCJpYXQiOjE2NDUzMDMzNDAsImV4cCI6MTY0NTMxNTM0MCwiYWNjb3VudF9pZCI6IjIyNTQ4MzkyLTM4Y2MtNDFiNy04YjFiLWM1YWNjZDAzNzJhOCIsImRhdGFfY2VudGVyX3JlZ2lvbiI6IkhLIiwidHlwZSI6ImNsaWVudCIsImRjIjoiSEsiLCJpc3NkYyI6IlVTIn0.FY78uZE4gLuQJRUh_W3T7KdaCobdDUFo-qT4mcCmhJU', 'Content-Type': 'application/json'}, files=None, allow_redirects=True </msg>
<msg timestamp="20220220 04:42:21.643" level="INFO">${resp} = &lt;Response [201]&gt;</msg>
<status status="PASS" starttime="20220220 04:42:21.505" endtime="20220220 04:42:21.643"></status>
</kw>
<kw name="Create List" library="BuiltIn">
<doc>Returns a list containing given items.</doc>
<arguments>
<arg>${resp.status_code}</arg>
<arg>${resp.json()}</arg>
</arguments>
<assign>
<var>@{RESP_LIST}</var>
</assign>
<msg timestamp="20220220 04:42:21.644" level="INFO">@{RESP_LIST} = [ 201 | {'beneficiary': {'additional_info': {'personal_email': 'john.walker@gmail.com'}, 'address': {'city': 'Seattle', 'country_code': 'US', 'postcode': '98104', 'state': 'Washington', 'street_addres...</msg>
<status status="PASS" starttime="20220220 04:42:21.644" endtime="20220220 04:42:21.644"></status>
</kw>
<msg timestamp="20220220 04:42:21.644" level="INFO">${RESP_MSG} = [201, {'beneficiary': {'additional_info': {'personal_email': 'john.walker@gmail.com'}, 'address': {'city': 'Seattle', 'country_code': 'US', 'postcode': '98104', 'state': 'Washington', 'street_address'...</msg>
<status status="PASS" starttime="20220220 04:42:21.190" endtime="20220220 04:42:21.644"></status>
</kw>
<kw name="Assert response passed" library="common">
<arguments>
<arg>${RESP_MSG}</arg>
</arguments>
<kw name="Should Be Equal As Strings" library="BuiltIn">
<doc>Fails if objects are unequal after converting them to strings.</doc>
<arguments>
<arg>${res}[0]</arg>
<arg>${201}</arg>
</arguments>
<status status="PASS" starttime="20220220 04:42:21.645" endtime="20220220 04:42:21.645"></status>
</kw>
<status status="PASS" starttime="20220220 04:42:21.645" endtime="20220220 04:42:21.646"></status>
</kw>
<tags>
<tag>positive_cases</tag>
<tag>smoke</tag>
</tags>
<status status="PASS" starttime="20220220 04:42:21.152" endtime="20220220 04:42:21.646" critical="yes"></status>
</test>
<test id="s1-s3-t3" name="Account Number Should Be 8-20 Characters - @CN@SWIFT">
<kw name="Load Test Data" library="testData">
<arguments>
<arg>payload_CN</arg>
</arguments>
<assign>
<var>${BANK_DETAILS}</var>
</assign>
<msg timestamp="20220220 04:42:21.647" level="INFO">${BANK_DETAILS} = {'account_currency': 'CNY', 'account_name': 'Mani Sankar', 'account_number': '38360827516730369797', 'account_routing_type1': 'aba', 'bank_country_code': 'CN', 'bank_name': 'JCB Bank', 'swift_code': '...</msg>
<status status="PASS" starttime="20220220 04:42:21.647" endtime="20220220 04:42:21.647"></status>
</kw>
<kw name="Update Bank Details In Json" library="common">
<arguments>
<arg>${BANK_DETAILS}</arg>
</arguments>
<assign>
<var>${PAYLOAD}</var>
</assign>
<kw name="Load JSON From File" library="JSONLibrary">
<doc>Load JSON from file.</doc>
<arguments>
<arg>${EXECDIR}${/}config${/}payload.json</arg>
</arguments>
<assign>
<var>${JSON_FILE}</var>
</assign>
<msg timestamp="20220220 04:42:21.649" level="INFO">${JSON_FILE} = {'beneficiary': {'additional_info': {'personal_email': 'john.walker@gmail.com'}, 'address': {'city': 'Seattle', 'country_code': 'US', 'postcode': '98104', 'state': 'Washington', 'street_address': '412...</msg>
<status status="PASS" starttime="20220220 04:42:21.648" endtime="20220220 04:42:21.649"></status>
</kw>
<kw name="Update Value To Json" library="JSONLibrary">
<doc>Update value to JSON using JSONPath</doc>
<arguments>
<arg>${JSON_FILE}</arg>
<arg>$..bank_details</arg>
<arg>${BANK_DETAILS}</arg>
</arguments>
<assign>
<var>${JSON_VAL}</var>
</assign>
<msg timestamp="20220220 04:42:21.687" level="INFO">${JSON_VAL} = {'beneficiary': {'additional_info': {'personal_email': 'john.walker@gmail.com'}, 'address': {'city': 'Seattle', 'country_code': 'US', 'postcode': '98104', 'state': 'Washington', 'street_address': '412...</msg>
<status status="PASS" starttime="20220220 04:42:21.649" endtime="20220220 04:42:21.687"></status>
</kw>
<msg timestamp="20220220 04:42:21.688" level="INFO">${PAYLOAD} = {'beneficiary': {'additional_info': {'personal_email': 'john.walker@gmail.com'}, 'address': {'city': 'Seattle', 'country_code': 'US', 'postcode': '98104', 'state': 'Washington', 'street_address': '412...</msg>
<status status="PASS" starttime="20220220 04:42:21.648" endtime="20220220 04:42:21.688"></status>
</kw>
<kw name="Create a New Beneficiary Request" library="common">
<arguments>
<arg>${PAYLOAD}</arg>
</arguments>
<assign>
<var>${RESP_MSG}</var>
</assign>
<kw name="Create Authorization Token" library="common">
<assign>
<var>${GET_AUTH_TOKEN}</var>
</assign>
<kw name="Create Session" library="RequestsLibrary">
<doc>Create Session: create a HTTP session to a server</doc>
<arguments>
<arg>httpbin</arg>
<arg>${URL}</arg>
<arg>verify=True</arg>
</arguments>
<msg timestamp="20220220 04:42:21.689" level="INFO">Creating Session using : alias=httpbin, url=https://api-demo.airwallex.com, headers={},                     cookies=None, auth=None, timeout=None, proxies=None, verify=True,                     debug=0 </msg>
<status status="PASS" starttime="20220220 04:42:21.689" endtime="20220220 04:42:21.690"></status>
</kw>
<kw name="Create Dictionary" library="BuiltIn">
<doc>Creates and returns a dictionary based on the given ``items``.</doc>
<arguments>
<arg>Content-Type</arg>
<arg>application/json</arg>
<arg>x-client-id</arg>
<arg>KJbr_Xs5TLmhY03JWSi3NQ</arg>
<arg>x-api-key</arg>
<arg>2308e2dd300f6b959b7f4e0a52ba9181186fc92f075f7e64ee9fa0b6b1ada094c39c9a9f39f06693d06b17067f78d4e7</arg>
</arguments>
<assign>
<var>${headers}</var>
</assign>
<msg timestamp="20220220 04:42:21.690" level="INFO">${headers} = {'Content-Type': 'application/json', 'x-client-id': 'KJbr_Xs5TLmhY03JWSi3NQ', 'x-api-key': '2308e2dd300f6b959b7f4e0a52ba9181186fc92f075f7e64ee9fa0b6b1ada094c39c9a9f39f06693d06b17067f78d4e7'}</msg>
<status status="PASS" starttime="20220220 04:42:21.690" endtime="20220220 04:42:21.690"></status>
</kw>
<kw name="Post Request" library="RequestsLibrary">
<doc>Send a POST request on the session object found using the
given `alias`</doc>
<arguments>
<arg>httpbin</arg>
<arg>api/v1/authentication/login</arg>
<arg>headers=${headers}</arg>
<arg>data={}</arg>
</arguments>
<assign>
<var>${resp}</var>
</assign>
<msg timestamp="20220220 04:42:21.901" level="INFO">Post Request using : alias=httpbin, uri=api/v1/authentication/login, data={}, headers={'Content-Type': 'application/json', 'x-client-id': 'KJbr_Xs5TLmhY03JWSi3NQ', 'x-api-key': '2308e2dd300f6b959b7f4e0a52ba9181186fc92f075f7e64ee9fa0b6b1ada094c39c9a9f39f06693d06b17067f78d4e7'}, files=None, allow_redirects=True </msg>
<msg timestamp="20220220 04:42:21.901" level="INFO">${resp} = &lt;Response [201]&gt;</msg>
<status status="PASS" starttime="20220220 04:42:21.691" endtime="20220220 04:42:21.901"></status>
</kw>
<kw name="Should Be Equal As Strings" library="BuiltIn">
<doc>Fails if objects are unequal after converting them to strings.</doc>
<arguments>
<arg>${resp.status_code}</arg>
<arg>${SUCCESS_RESPONSE_CODE}</arg>
</arguments>
<msg timestamp="20220220 04:42:21.902" level="INFO">Argument types are:
&lt;class 'int'&gt;
&lt;type 'unicode'&gt;</msg>
<status status="PASS" starttime="20220220 04:42:21.901" endtime="20220220 04:42:21.902"></status>
</kw>
<msg timestamp="20220220 04:42:21.902" level="INFO">${GET_AUTH_TOKEN} = eyJhbGciOiJIUzI1NiJ9.eyJqdGkiOiI0MDFhZjU5YS0xMDZiLTRjMmEtYmMwNC1kZjFiYmM4MWFhZDciLCJzdWIiOiIyODk2ZWJmZC03YjM5LTRjYjktYTE2My00ZGM5NTkyOGI3MzUiLCJpYXQiOjE2NDUzMDMzNDEsImV4cCI6MTY0NTMxNTM0MSwiYWNjb3VudF9...</msg>
<status status="PASS" starttime="20220220 04:42:21.689" endtime="20220220 04:42:21.902"></status>
</kw>
<kw name="Create Session" library="RequestsLibrary">
<doc>Create Session: create a HTTP session to a server</doc>
<arguments>
<arg>httpbin</arg>
<arg>${URL}</arg>
<arg>verify=True</arg>
</arguments>
<msg timestamp="20220220 04:42:21.903" level="INFO">Creating Session using : alias=httpbin, url=https://api-demo.airwallex.com, headers={},                     cookies=None, auth=None, timeout=None, proxies=None, verify=True,                     debug=0 </msg>
<status status="PASS" starttime="20220220 04:42:21.902" endtime="20220220 04:42:21.903"></status>
</kw>
<kw name="Create Dictionary" library="BuiltIn">
<doc>Creates and returns a dictionary based on the given ``items``.</doc>
<arguments>
<arg>Authorization</arg>
<arg>Bearer ${GET_AUTH_TOKEN}</arg>
<arg>Content-Type</arg>
<arg>application/json</arg>
</arguments>
<assign>
<var>${HEADERS}</var>
</assign>
<msg timestamp="20220220 04:42:21.904" level="INFO">${HEADERS} = {'Authorization': 'Bearer eyJhbGciOiJIUzI1NiJ9.eyJqdGkiOiI0MDFhZjU5YS0xMDZiLTRjMmEtYmMwNC1kZjFiYmM4MWFhZDciLCJzdWIiOiIyODk2ZWJmZC03YjM5LTRjYjktYTE2My00ZGM5NTkyOGI3MzUiLCJpYXQiOjE2NDUzMDMzNDEsImV4cCI6M...</msg>
<status status="PASS" starttime="20220220 04:42:21.903" endtime="20220220 04:42:21.904"></status>
</kw>
<kw name="Post Request" library="RequestsLibrary">
<doc>Send a POST request on the session object found using the
given `alias`</doc>
<arguments>
<arg>httpbin</arg>
<arg>api/v1/beneficiaries/create</arg>
<arg>headers=${HEADERS}</arg>
<arg>data=${PAYLOAD}</arg>
</arguments>
<assign>
<var>${resp}</var>
</assign>
<msg timestamp="20220220 04:42:22.050" level="INFO">Post Request using : alias=httpbin, uri=api/v1/beneficiaries/create, data={"beneficiary": {"additional_info": {"personal_email": "john.walker@gmail.com"}, "address": {"city": "Seattle", "country_code": "US", "postcode": "98104", "state": "Washington", "street_address": "412 5th Avenue"}, "bank_details": {"account_currency": "CNY", "account_name": "Mani Sankar", "account_number": "38360827516730369797", "account_routing_type1": "aba", "bank_country_code": "CN", "bank_name": "JCB Bank", "swift_code": "ABOCCNBJ"}, "company_name": "ABC University", "entity_type": "COMPANY"}, "nickname": "ABC University", "payer_entity_type": "PERSONAL", "payment_methods": ["SWIFT"]}, headers={'Authorization': 'Bearer eyJhbGciOiJIUzI1NiJ9.eyJqdGkiOiI0MDFhZjU5YS0xMDZiLTRjMmEtYmMwNC1kZjFiYmM4MWFhZDciLCJzdWIiOiIyODk2ZWJmZC03YjM5LTRjYjktYTE2My00ZGM5NTkyOGI3MzUiLCJpYXQiOjE2NDUzMDMzNDEsImV4cCI6MTY0NTMxNTM0MSwiYWNjb3VudF9pZCI6IjIyNTQ4MzkyLTM4Y2MtNDFiNy04YjFiLWM1YWNjZDAzNzJhOCIsImRhdGFfY2VudGVyX3JlZ2lvbiI6IkhLIiwidHlwZSI6ImNsaWVudCIsImRjIjoiSEsiLCJpc3NkYyI6IlVTIn0.DPmdqrjUzhCkrbt5_J1fBiECIt-plgRX6-9YlSFTBZI', 'Content-Type': 'application/json'}, files=None, allow_redirects=True </msg>
<msg timestamp="20220220 04:42:22.050" level="INFO">${resp} = &lt;Response [201]&gt;</msg>
<status status="PASS" starttime="20220220 04:42:21.904" endtime="20220220 04:42:22.050"></status>
</kw>
<kw name="Create List" library="BuiltIn">
<doc>Returns a list containing given items.</doc>
<arguments>
<arg>${resp.status_code}</arg>
<arg>${resp.json()}</arg>
</arguments>
<assign>
<var>@{RESP_LIST}</var>
</assign>
<msg timestamp="20220220 04:42:22.052" level="INFO">@{RESP_LIST} = [ 201 | {'beneficiary': {'additional_info': {'personal_email': 'john.walker@gmail.com'}, 'address': {'city': 'Seattle', 'country_code': 'US', 'postcode': '98104', 'state': 'Washington', 'street_addres...</msg>
<status status="PASS" starttime="20220220 04:42:22.051" endtime="20220220 04:42:22.052"></status>
</kw>
<msg timestamp="20220220 04:42:22.052" level="INFO">${RESP_MSG} = [201, {'beneficiary': {'additional_info': {'personal_email': 'john.walker@gmail.com'}, 'address': {'city': 'Seattle', 'country_code': 'US', 'postcode': '98104', 'state': 'Washington', 'street_address'...</msg>
<status status="PASS" starttime="20220220 04:42:21.688" endtime="20220220 04:42:22.052"></status>
</kw>
<kw name="Assert response passed" library="common">
<arguments>
<arg>${RESP_MSG}</arg>
</arguments>
<kw name="Should Be Equal As Strings" library="BuiltIn">
<doc>Fails if objects are unequal after converting them to strings.</doc>
<arguments>
<arg>${res}[0]</arg>
<arg>${201}</arg>
</arguments>
<status status="PASS" starttime="20220220 04:42:22.053" endtime="20220220 04:42:22.053"></status>
</kw>
<status status="PASS" starttime="20220220 04:42:22.052" endtime="20220220 04:42:22.053"></status>
</kw>
<tags>
<tag>positive_cases</tag>
<tag>smoke</tag>
</tags>
<status status="PASS" starttime="20220220 04:42:21.646" endtime="20220220 04:42:22.054" critical="yes"></status>
</test>
<test id="s1-s3-t4" name="Account num should not be empty characters@US">
<kw name="Load Test Data" library="testData">
<arguments>
<arg>payload_CN</arg>
</arguments>
<assign>
<var>${BANK_DETAILS}</var>
</assign>
<msg timestamp="20220220 04:42:22.055" level="INFO">${BANK_DETAILS} = {'account_currency': 'CNY', 'account_name': 'Mani Sankar', 'account_number': '8891699259608', 'account_routing_type1': 'aba', 'bank_country_code': 'CN', 'bank_name': 'JCB Bank', 'swift_code': 'ABOCCNB...</msg>
<status status="PASS" starttime="20220220 04:42:22.055" endtime="20220220 04:42:22.055"></status>
</kw>
<kw name="Update Bank Details In Json" library="common">
<arguments>
<arg>${BANK_DETAILS}</arg>
</arguments>
<assign>
<var>${PAYLOAD}</var>
</assign>
<kw name="Load JSON From File" library="JSONLibrary">
<doc>Load JSON from file.</doc>
<arguments>
<arg>${EXECDIR}${/}config${/}payload.json</arg>
</arguments>
<assign>
<var>${JSON_FILE}</var>
</assign>
<msg timestamp="20220220 04:42:22.057" level="INFO">${JSON_FILE} = {'beneficiary': {'additional_info': {'personal_email': 'john.walker@gmail.com'}, 'address': {'city': 'Seattle', 'country_code': 'US', 'postcode': '98104', 'state': 'Washington', 'street_address': '412...</msg>
<status status="PASS" starttime="20220220 04:42:22.056" endtime="20220220 04:42:22.057"></status>
</kw>
<kw name="Update Value To Json" library="JSONLibrary">
<doc>Update value to JSON using JSONPath</doc>
<arguments>
<arg>${JSON_FILE}</arg>
<arg>$..bank_details</arg>
<arg>${BANK_DETAILS}</arg>
</arguments>
<assign>
<var>${JSON_VAL}</var>
</assign>
<msg timestamp="20220220 04:42:22.091" level="INFO">${JSON_VAL} = {'beneficiary': {'additional_info': {'personal_email': 'john.walker@gmail.com'}, 'address': {'city': 'Seattle', 'country_code': 'US', 'postcode': '98104', 'state': 'Washington', 'street_address': '412...</msg>
<status status="PASS" starttime="20220220 04:42:22.057" endtime="20220220 04:42:22.091"></status>
</kw>
<msg timestamp="20220220 04:42:22.091" level="INFO">${PAYLOAD} = {'beneficiary': {'additional_info': {'personal_email': 'john.walker@gmail.com'}, 'address': {'city': 'Seattle', 'country_code': 'US', 'postcode': '98104', 'state': 'Washington', 'street_address': '412...</msg>
<status status="PASS" starttime="20220220 04:42:22.055" endtime="20220220 04:42:22.092"></status>
</kw>
<kw name="Update Value To Json" library="JSONLibrary">
<doc>Update value to JSON using JSONPath</doc>
<arguments>
<arg>${PAYLOAD}</arg>
<arg>$..bank_details.account_number</arg>
<arg>${EMPTY}</arg>
</arguments>
<assign>
<var>${PAYLOAD}</var>
</assign>
<msg timestamp="20220220 04:42:22.129" level="INFO">${PAYLOAD} = {'beneficiary': {'additional_info': {'personal_email': 'john.walker@gmail.com'}, 'address': {'city': 'Seattle', 'country_code': 'US', 'postcode': '98104', 'state': 'Washington', 'street_address': '412...</msg>
<status status="PASS" starttime="20220220 04:42:22.092" endtime="20220220 04:42:22.129"></status>
</kw>
<kw name="Create a New Beneficiary Request" library="common">
<arguments>
<arg>${PAYLOAD}</arg>
</arguments>
<assign>
<var>${RESP_MSG}</var>
</assign>
<kw name="Create Authorization Token" library="common">
<assign>
<var>${GET_AUTH_TOKEN}</var>
</assign>
<kw name="Create Session" library="RequestsLibrary">
<doc>Create Session: create a HTTP session to a server</doc>
<arguments>
<arg>httpbin</arg>
<arg>${URL}</arg>
<arg>verify=True</arg>
</arguments>
[...]
<status status="PASS" starttime="20220220 04:42:30.189" endtime="20220220 04:42:30.509"></status>
</kw>
<kw name="Create Session" library="RequestsLibrary">
<doc>Create Session: create a HTTP session to a server</doc>
<arguments>
<arg>httpbin</arg>
<arg>${URL}</arg>
<arg>verify=True</arg>
</arguments>
<msg timestamp="20220220 04:42:30.510" level="INFO">Creating Session using : alias=httpbin, url=https://api-demo.airwallex.com, headers={},                     cookies=None, auth=None, timeout=None, proxies=None, verify=True,                     debug=0 </msg>
<status status="PASS" starttime="20220220 04:42:30.510" endtime="20220220 04:42:30.510"></status>
</kw>
<kw name="Create Dictionary" library="BuiltIn">
<doc>Creates and returns a dictionary based on the given ``items``.</doc>
<arguments>
<arg>Authorization</arg>
<arg>Bearer ${GET_AUTH_TOKEN}</arg>
<arg>Content-Type</arg>
<arg>application/json</arg>
</arguments>
<assign>
<var>${HEADERS}</var>
</assign>
<msg timestamp="20220220 04:42:30.511" level="INFO">${HEADERS} = {'Authorization': 'Bearer eyJhbGciOiJIUzI1NiJ9.eyJqdGkiOiI4Y2Q3ZjE1OC02NTNlLTQ4NmUtOTZiMS01ZmZlNGU3MzQ3MDAiLCJzdWIiOiIyODk2ZWJmZC03YjM5LTRjYjktYTE2My00ZGM5NTkyOGI3MzUiLCJpYXQiOjE2NDUzMDMzNTAsImV4cCI6M...</msg>
<status status="PASS" starttime="20220220 04:42:30.511" endtime="20220220 04:42:30.511"></status>
</kw>
<kw name="Load JSON From File" library="JSONLibrary">
<doc>Load JSON from file.</doc>
<arguments>
<arg>${EXECDIR}${/}config${/}payload.json</arg>
</arguments>
<assign>
<var>${JSON_FILE}</var>
</assign>
<msg timestamp="20220220 04:42:30.512" level="INFO">${JSON_FILE} = {'beneficiary': {'additional_info': {'personal_email': 'john.walker@gmail.com'}, 'address': {'city': 'Seattle', 'country_code': 'US', 'postcode': '98104', 'state': 'Washington', 'street_address': '412...</msg>
<status status="PASS" starttime="20220220 04:42:30.511" endtime="20220220 04:42:30.512"></status>
</kw>
<kw name="Update Value To Json" library="JSONLibrary">
<doc>Update value to JSON using JSONPath</doc>
<arguments>
<arg>${JSON_FILE}</arg>
<arg>$..bank_details</arg>
<arg>${BANK_DETAILS}</arg>
</arguments>
<assign>
<var>${JSON_VAL}</var>
</assign>
<msg timestamp="20220220 04:42:30.543" level="INFO">${JSON_VAL} = {'beneficiary': {'additional_info': {'personal_email': 'john.walker@gmail.com'}, 'address': {'city': 'Seattle', 'country_code': 'US', 'postcode': '98104', 'state': 'Washington', 'street_address': '412...</msg>
<status status="PASS" starttime="20220220 04:42:30.512" endtime="20220220 04:42:30.543"></status>
</kw>
<kw name="Create List" library="BuiltIn">
<doc>Returns a list containing given items.</doc>
<arguments>
<arg>${PAYMENT_TYPE}</arg>
</arguments>
<assign>
<var>@{PAY_METHOD_TYPE}</var>
</assign>
<msg timestamp="20220220 04:42:30.543" level="INFO">@{PAY_METHOD_TYPE} = [  ]</msg>
<status status="PASS" starttime="20220220 04:42:30.543" endtime="20220220 04:42:30.543"></status>
</kw>
<kw name="Run Keyword If" library="BuiltIn">
<doc>Runs the given keyword with the given arguments, if ``condition`` is true.</doc>
<arguments>
<arg>'${PAYMENT_TYPE}' == ''</arg>
<arg>Delete Object From Json</arg>
<arg>${JSON_FILE}</arg>
<arg>$..payment_methods</arg>
<arg>ELSE</arg>
<arg>Update Value To Json</arg>
<arg>${JSON_FILE}</arg>
<arg>$..payment_methods</arg>
<arg>${PAY_METHOD_TYPE}</arg>
</arguments>
<assign>
<var>${JSON_VAL}</var>
</assign>
<kw name="Delete Object From Json" library="JSONLibrary">
<doc>Delete Object From JSON using json_path</doc>
<arguments>
<arg>${JSON_FILE}</arg>
<arg>$..payment_methods</arg>
</arguments>
<status status="PASS" starttime="20220220 04:42:30.544" endtime="20220220 04:42:30.572"></status>
</kw>
<msg timestamp="20220220 04:42:30.572" level="INFO">${JSON_VAL} = {'beneficiary': {'additional_info': {'personal_email': 'john.walker@gmail.com'}, 'address': {'city': 'Seattle', 'country_code': 'US', 'postcode': '98104', 'state': 'Washington', 'street_address': '412...</msg>
<status status="PASS" starttime="20220220 04:42:30.543" endtime="20220220 04:42:30.572"></status>
</kw>
<kw name="Post Request" library="RequestsLibrary">
<doc>Send a POST request on the session object found using the
given `alias`</doc>
<arguments>
<arg>httpbin</arg>
<arg>api/v1/beneficiaries/create</arg>
<arg>headers=${HEADERS}</arg>
<arg>data=${JSON_VAL}</arg>
</arguments>
<assign>
<var>${resp}</var>
</assign>
<msg timestamp="20220220 04:42:30.914" level="INFO">Post Request using : alias=httpbin, uri=api/v1/beneficiaries/create, data={"beneficiary": {"additional_info": {"personal_email": "john.walker@gmail.com"}, "address": {"city": "Seattle", "country_code": "US", "postcode": "98104", "state": "Washington", "street_address": "412 5th Avenue"}, "bank_details": {"account_currency": "USD", "account_name": "Karthick Bakaran", "account_number": "30717407432", "account_routing_type1": "aba", "bank_country_code": "US", "bank_name": "Axis Bank", "swift_code": "CHASUS33"}, "company_name": "ABC University", "entity_type": "COMPANY"}, "nickname": "ABC University", "payer_entity_type": "PERSONAL"}, headers={'Authorization': 'Bearer eyJhbGciOiJIUzI1NiJ9.eyJqdGkiOiI4Y2Q3ZjE1OC02NTNlLTQ4NmUtOTZiMS01ZmZlNGU3MzQ3MDAiLCJzdWIiOiIyODk2ZWJmZC03YjM5LTRjYjktYTE2My00ZGM5NTkyOGI3MzUiLCJpYXQiOjE2NDUzMDMzNTAsImV4cCI6MTY0NTMxNTM1MCwiYWNjb3VudF9pZCI6IjIyNTQ4MzkyLTM4Y2MtNDFiNy04YjFiLWM1YWNjZDAzNzJhOCIsImRhdGFfY2VudGVyX3JlZ2lvbiI6IkhLIiwidHlwZSI6ImNsaWVudCIsImRjIjoiSEsiLCJpc3NkYyI6IlVTIn0.Tf8FfXpUSnfWpq3blOH9z8lWYyuh6W-9PugbLcp0_dk', 'Content-Type': 'application/json'}, files=None, allow_redirects=True </msg>
<msg timestamp="20220220 04:42:30.914" level="INFO">${resp} = &lt;Response [400]&gt;</msg>
<status status="PASS" starttime="20220220 04:42:30.572" endtime="20220220 04:42:30.914"></status>
</kw>
<kw name="Create List" library="BuiltIn">
<doc>Returns a list containing given items.</doc>
<arguments>
<arg>${resp.status_code}</arg>
<arg>${resp.json()}</arg>
</arguments>
<assign>
<var>@{RESP_LIST}</var>
</assign>
<msg timestamp="20220220 04:42:30.915" level="INFO">@{RESP_LIST} = [ 400 | {'code': 'field_required', 'message': 'must not be null', 'source': 'payment_methods'} ]</msg>
<status status="PASS" starttime="20220220 04:42:30.914" endtime="20220220 04:42:30.915"></status>
</kw>
<msg timestamp="20220220 04:42:30.915" level="INFO">${RESP_MSG} = [400, {'code': 'field_required', 'message': 'must not be null', 'source': 'payment_methods'}]</msg>
<status status="PASS" starttime="20220220 04:42:30.189" endtime="20220220 04:42:30.915"></status>
</kw>
<kw name="Assert Response Failed" library="common">
<arguments>
<arg>${RESP_MSG}</arg>
<arg>${FAILED_PAYMENT_METHOD_NULL}</arg>
</arguments>
<kw name="Should Be Equal As Strings" library="BuiltIn">
<doc>Fails if objects are unequal after converting them to strings.</doc>
<arguments>
<arg>${ACTUAL_MSG}[0]</arg>
<arg>${400}</arg>
</arguments>
<status status="PASS" starttime="20220220 04:42:30.916" endtime="20220220 04:42:30.916"></status>
</kw>
<kw name="Should Be Equal As Strings" library="BuiltIn">
<doc>Fails if objects are unequal after converting them to strings.</doc>
<arguments>
<arg>${ACTUAL_MSG}[1][message]</arg>
<arg>${EXPECT_MSG}</arg>
</arguments>
<status status="PASS" starttime="20220220 04:42:30.917" endtime="20220220 04:42:30.917"></status>
</kw>
<status status="PASS" starttime="20220220 04:42:30.916" endtime="20220220 04:42:30.917"></status>
</kw>
<tags>
<tag>negative_cases</tag>
<tag>smoke</tag>
</tags>
<status status="PASS" starttime="20220220 04:42:30.188" endtime="20220220 04:42:30.917" critical="yes"></status>
</test>
<test id="s1-s6-t7" name="Payment Method SWIFT Code Should Be 8 or 11 characters">
<kw name="Load Test Data" library="testData">
<arguments>
<arg>payload_CN</arg>
</arguments>
<assign>
<var>${BANK_DETAILS}</var>
</assign>
<msg timestamp="20220220 04:42:30.919" level="INFO">${BANK_DETAILS} = {'account_currency': 'CNY', 'account_name': 'Mani Sankar', 'account_number': '505265552', 'account_routing_type1': 'aba', 'bank_country_code': 'CN', 'bank_name': 'JCB Bank', 'swift_code': 'ABOCCNBJ'}</msg>
<status status="PASS" starttime="20220220 04:42:30.918" endtime="20220220 04:42:30.919"></status>
</kw>
<kw name="Update Bank Details In Json" library="common">
<arguments>
<arg>${BANK_DETAILS}</arg>
</arguments>
<assign>
<var>${PAYLOAD}</var>
</assign>
<kw name="Load JSON From File" library="JSONLibrary">
<doc>Load JSON from file.</doc>
<arguments>
<arg>${EXECDIR}${/}config${/}payload.json</arg>
</arguments>
<assign>
<var>${JSON_FILE}</var>
</assign>
<msg timestamp="20220220 04:42:30.920" level="INFO">${JSON_FILE} = {'beneficiary': {'additional_info': {'personal_email': 'john.walker@gmail.com'}, 'address': {'city': 'Seattle', 'country_code': 'US', 'postcode': '98104', 'state': 'Washington', 'street_address': '412...</msg>
<status status="PASS" starttime="20220220 04:42:30.919" endtime="20220220 04:42:30.920"></status>
</kw>
<kw name="Update Value To Json" library="JSONLibrary">
<doc>Update value to JSON using JSONPath</doc>
<arguments>
<arg>${JSON_FILE}</arg>
<arg>$..bank_details</arg>
<arg>${BANK_DETAILS}</arg>
</arguments>
<assign>
<var>${JSON_VAL}</var>
</assign>
<msg timestamp="20220220 04:42:30.954" level="INFO">${JSON_VAL} = {'beneficiary': {'additional_info': {'personal_email': 'john.walker@gmail.com'}, 'address': {'city': 'Seattle', 'country_code': 'US', 'postcode': '98104', 'state': 'Washington', 'street_address': '412...</msg>
<status status="PASS" starttime="20220220 04:42:30.920" endtime="20220220 04:42:30.954"></status>
</kw>
<msg timestamp="20220220 04:42:30.954" level="INFO">${PAYLOAD} = {'beneficiary': {'additional_info': {'personal_email': 'john.walker@gmail.com'}, 'address': {'city': 'Seattle', 'country_code': 'US', 'postcode': '98104', 'state': 'Washington', 'street_address': '412...</msg>
<status status="PASS" starttime="20220220 04:42:30.919" endtime="20220220 04:42:30.954"></status>
</kw>
<kw name="Update Value To Json" library="JSONLibrary">
<doc>Update value to JSON using JSONPath</doc>
<arguments>
<arg>${PAYLOAD}</arg>
<arg>$..payment_methods</arg>
<arg>ICBKCN</arg>
</arguments>
<assign>
<var>${PAYLOAD}</var>
</assign>
<msg timestamp="20220220 04:42:30.996" level="INFO">${PAYLOAD} = {'beneficiary': {'additional_info': {'personal_email': 'john.walker@gmail.com'}, 'address': {'city': 'Seattle', 'country_code': 'US', 'postcode': '98104', 'state': 'Washington', 'street_address': '412...</msg>
<status status="PASS" starttime="20220220 04:42:30.955" endtime="20220220 04:42:30.997"></status>
</kw>
<kw name="Create a New Beneficiary Request" library="common">
<arguments>
<arg>${PAYLOAD}</arg>
</arguments>
<assign>
<var>${RESP_MSG}</var>
</assign>
<kw name="Create Authorization Token" library="common">
<assign>
<var>${GET_AUTH_TOKEN}</var>
</assign>
<kw name="Create Session" library="RequestsLibrary">
<doc>Create Session: create a HTTP session to a server</doc>
<arguments>
<arg>httpbin</arg>
<arg>${URL}</arg>
<arg>verify=True</arg>
</arguments>
<msg timestamp="20220220 04:42:30.999" level="INFO">Creating Session using : alias=httpbin, url=https://api-demo.airwallex.com, headers={},                     cookies=None, auth=None, timeout=None, proxies=None, verify=True,                     debug=0 </msg>
<status status="PASS" starttime="20220220 04:42:30.998" endtime="20220220 04:42:31.000"></status>
</kw>
<kw name="Create Dictionary" library="BuiltIn">
<doc>Creates and returns a dictionary based on the given ``items``.</doc>
<arguments>
<arg>Content-Type</arg>
<arg>application/json</arg>
<arg>x-client-id</arg>
<arg>KJbr_Xs5TLmhY03JWSi3NQ</arg>
<arg>x-api-key</arg>
<arg>2308e2dd300f6b959b7f4e0a52ba9181186fc92f075f7e64ee9fa0b6b1ada094c39c9a9f39f06693d06b17067f78d4e7</arg>
</arguments>
<assign>
<var>${headers}</var>
</assign>
<msg timestamp="20220220 04:42:31.001" level="INFO">${headers} = {'Content-Type': 'application/json', 'x-client-id': 'KJbr_Xs5TLmhY03JWSi3NQ', 'x-api-key': '2308e2dd300f6b959b7f4e0a52ba9181186fc92f075f7e64ee9fa0b6b1ada094c39c9a9f39f06693d06b17067f78d4e7'}</msg>
<status status="PASS" starttime="20220220 04:42:31.000" endtime="20220220 04:42:31.001"></status>
</kw>
<kw name="Post Request" library="RequestsLibrary">
<doc>Send a POST request on the session object found using the
given `alias`</doc>
<arguments>
<arg>httpbin</arg>
<arg>api/v1/authentication/login</arg>
<arg>headers=${headers}</arg>
<arg>data={}</arg>
</arguments>
<assign>
<var>${resp}</var>
</assign>
<msg timestamp="20220220 04:42:31.201" level="INFO">Post Request using : alias=httpbin, uri=api/v1/authentication/login, data={}, headers={'Content-Type': 'application/json', 'x-client-id': 'KJbr_Xs5TLmhY03JWSi3NQ', 'x-api-key': '2308e2dd300f6b959b7f4e0a52ba9181186fc92f075f7e64ee9fa0b6b1ada094c39c9a9f39f06693d06b17067f78d4e7'}, files=None, allow_redirects=True </msg>
<msg timestamp="20220220 04:42:31.202" level="INFO">${resp} = &lt;Response [201]&gt;</msg>
<status status="PASS" starttime="20220220 04:42:31.001" endtime="20220220 04:42:31.202"></status>
</kw>
<kw name="Should Be Equal As Strings" library="BuiltIn">
<doc>Fails if objects are unequal after converting them to strings.</doc>
<arguments>
<arg>${resp.status_code}</arg>
<arg>${SUCCESS_RESPONSE_CODE}</arg>
</arguments>
<msg timestamp="20220220 04:42:31.202" level="INFO">Argument types are:
&lt;class 'int'&gt;
&lt;type 'unicode'&gt;</msg>
<status status="PASS" starttime="20220220 04:42:31.202" endtime="20220220 04:42:31.202"></status>
</kw>
<msg timestamp="20220220 04:42:31.203" level="INFO">${GET_AUTH_TOKEN} = eyJhbGciOiJIUzI1NiJ9.eyJqdGkiOiJiY2U4MTc1NS1mZjFlLTRhNjYtODE4YS0yZTQ0M2Q4OWUzZjUiLCJzdWIiOiIyODk2ZWJmZC03YjM5LTRjYjktYTE2My00ZGM5NTkyOGI3MzUiLCJpYXQiOjE2NDUzMDMzNTAsImV4cCI6MTY0NTMxNTM1MCwiYWNjb3VudF9...</msg>
<status status="PASS" starttime="20220220 04:42:30.998" endtime="20220220 04:42:31.203"></status>
</kw>
<kw name="Create Session" library="RequestsLibrary">
<doc>Create Session: create a HTTP session to a server</doc>
<arguments>
<arg>httpbin</arg>
<arg>${URL}</arg>
<arg>verify=True</arg>
</arguments>
<msg timestamp="20220220 04:42:31.203" level="INFO">Creating Session using : alias=httpbin, url=https://api-demo.airwallex.com, headers={},                     cookies=None, auth=None, timeout=None, proxies=None, verify=True,                     debug=0 </msg>
<status status="PASS" starttime="20220220 04:42:31.203" endtime="20220220 04:42:31.203"></status>
</kw>
<kw name="Create Dictionary" library="BuiltIn">
<doc>Creates and returns a dictionary based on the given ``items``.</doc>
<arguments>
<arg>Authorization</arg>
<arg>Bearer ${GET_AUTH_TOKEN}</arg>
<arg>Content-Type</arg>
<arg>application/json</arg>
</arguments>
<assign>
<var>${HEADERS}</var>
</assign>
<msg timestamp="20220220 04:42:31.204" level="INFO">${HEADERS} = {'Authorization': 'Bearer eyJhbGciOiJIUzI1NiJ9.eyJqdGkiOiJiY2U4MTc1NS1mZjFlLTRhNjYtODE4YS0yZTQ0M2Q4OWUzZjUiLCJzdWIiOiIyODk2ZWJmZC03YjM5LTRjYjktYTE2My00ZGM5NTkyOGI3MzUiLCJpYXQiOjE2NDUzMDMzNTAsImV4cCI6M...</msg>
<status status="PASS" starttime="20220220 04:42:31.204" endtime="20220220 04:42:31.204"></status>
</kw>
<kw name="Post Request" library="RequestsLibrary">
<doc>Send a POST request on the session object found using the
given `alias`</doc>
<arguments>
<arg>httpbin</arg>
<arg>api/v1/beneficiaries/create</arg>
<arg>headers=${HEADERS}</arg>
<arg>data=${PAYLOAD}</arg>
</arguments>
<assign>
<var>${resp}</var>
</assign>
<msg timestamp="20220220 04:42:31.308" level="INFO">Post Request using : alias=httpbin, uri=api/v1/beneficiaries/create, data={"beneficiary": {"additional_info": {"personal_email": "john.walker@gmail.com"}, "address": {"city": "Seattle", "country_code": "US", "postcode": "98104", "state": "Washington", "street_address": "412 5th Avenue"}, "bank_details": {"account_currency": "CNY", "account_name": "Mani Sankar", "account_number": "505265552", "account_routing_type1": "aba", "bank_country_code": "CN", "bank_name": "JCB Bank", "swift_code": "ABOCCNBJ"}, "company_name": "ABC University", "entity_type": "COMPANY"}, "nickname": "ABC University", "payer_entity_type": "PERSONAL", "payment_methods": "ICBKCN"}, headers={'Authorization': 'Bearer eyJhbGciOiJIUzI1NiJ9.eyJqdGkiOiJiY2U4MTc1NS1mZjFlLTRhNjYtODE4YS0yZTQ0M2Q4OWUzZjUiLCJzdWIiOiIyODk2ZWJmZC03YjM5LTRjYjktYTE2My00ZGM5NTkyOGI3MzUiLCJpYXQiOjE2NDUzMDMzNTAsImV4cCI6MTY0NTMxNTM1MCwiYWNjb3VudF9pZCI6IjIyNTQ4MzkyLTM4Y2MtNDFiNy04YjFiLWM1YWNjZDAzNzJhOCIsImRhdGFfY2VudGVyX3JlZ2lvbiI6IkhLIiwidHlwZSI6ImNsaWVudCIsImRjIjoiSEsiLCJpc3NkYyI6IlVTIn0.DJ2IrCkMtqnwKd6lcrEYqBMAr4dqbmhQi2KqI5-eIyg', 'Content-Type': 'application/json'}, files=None, allow_redirects=True </msg>
<msg timestamp="20220220 04:42:31.308" level="INFO">${resp} = &lt;Response [400]&gt;</msg>
<status status="PASS" starttime="20220220 04:42:31.204" endtime="20220220 04:42:31.308"></status>
</kw>
<kw name="Create List" library="BuiltIn">
<doc>Returns a list containing given items.</doc>
<arguments>
<arg>${resp.status_code}</arg>
<arg>${resp.json()}</arg>
</arguments>
<assign>
<var>@{RESP_LIST}</var>
</assign>
<msg timestamp="20220220 04:42:31.309" level="INFO">@{RESP_LIST} = [ 400 | {'code': 'invalid_argument', 'message': 'payment_methods is not of the expected type; please refer to our API documentation', 'source': 'payment_methods'} ]</msg>
<status status="PASS" starttime="20220220 04:42:31.308" endtime="20220220 04:42:31.309"></status>
</kw>
<msg timestamp="20220220 04:42:31.309" level="INFO">${RESP_MSG} = [400, {'code': 'invalid_argument', 'message': 'payment_methods is not of the expected type; please refer to our API documentation', 'source': 'payment_methods'}]</msg>
<status status="PASS" starttime="20220220 04:42:30.997" endtime="20220220 04:42:31.309"></status>
</kw>
<kw name="Assert Response Failed" library="common">
<arguments>
<arg>${RESP_MSG}</arg>
<arg>${FAILED_SWIFT_CODE_NOT_VALID}</arg>
</arguments>
<kw name="Should Be Equal As Strings" library="BuiltIn">
<doc>Fails if objects are unequal after converting them to strings.</doc>
<arguments>
<arg>${ACTUAL_MSG}[0]</arg>
<arg>${400}</arg>
</arguments>
<status status="PASS" starttime="20220220 04:42:31.310" endtime="20220220 04:42:31.310"></status>
</kw>
<kw name="Should Be Equal As Strings" library="BuiltIn">
<doc>Fails if objects are unequal after converting them to strings.</doc>
<arguments>
<arg>${ACTUAL_MSG}[1][message]</arg>
<arg>${EXPECT_MSG}</arg>
</arguments>
<status status="PASS" starttime="20220220 04:42:31.310" endtime="20220220 04:42:31.311"></status>
</kw>
<status status="PASS" starttime="20220220 04:42:31.309" endtime="20220220 04:42:31.311"></status>
</kw>
<tags>
<tag>negative_cases</tag>
<tag>smoke</tag>
</tags>
<status status="PASS" starttime="20220220 04:42:30.918" endtime="20220220 04:42:31.311" critical="yes"></status>
</test>
<status status="PASS" starttime="20220220 04:42:27.117" endtime="20220220 04:42:31.312"></status>
</suite>
<status status="PASS" starttime="20220220 04:42:17.848" endtime="20220220 04:42:31.318"></status>
</suite>
<statistics>
<total>
<stat pass="24" fail="0">Critical Tests</stat>
<stat pass="24" fail="0">All Tests</stat>
</total>
<tag>
<stat pass="17" fail="0">negative_cases</stat>
<stat pass="7" fail="0">positive_cases</stat>
<stat pass="24" fail="0">smoke</stat>
</tag>
<suite>
<stat pass="24" fail="0" id="s1" name="Suites">Suites</stat>
<stat pass="1" fail="0" id="s1-s1" name="Aba">Suites.Aba</stat>
<stat pass="3" fail="0" id="s1-s2" name="Account Name">Suites.Account Name</stat>
<stat pass="6" fail="0" id="s1-s3" name="Account Number">Suites.Account Number</stat>
<stat pass="2" fail="0" id="s1-s4" name="Bank Country Code">Suites.Bank Country Code</stat>
<stat pass="5" fail="0" id="s1-s5" name="Create Beneficiary With Payment Method LOCAL">Suites.Create Beneficiary With Payment Method LOCAL</stat>
<stat pass="7" fail="0" id="s1-s6" name="Create Beneficiary With Payment Method SWIFT">Suites.Create Beneficiary With Payment Method SWIFT</stat>
</suite>
</statistics>
<errors>
</errors>
</robot>
